The system is: Linux - 4.15.0-176-generic - x86_64
Compiling the CXX compiler identification source file "CMakeCXXCompilerId.cpp" succeeded.
Compiler: /usr/bin/c++ 
Build flags: 
Id flags:  

The output was:
0


Compilation of the CXX compiler identification source "CMakeCXXCompilerId.cpp" produced "a.out"

The CXX compiler identification is GNU, found in "/home/msi/yxh/RVO2-main/CMakeFiles/3.10.2/CompilerIdCXX/a.out"

Determining if the CXX compiler works passed with the following output:
Change Dir: /home/msi/yxh/RVO2-main/CMakeFiles/CMakeTmp

Run Build Command:"/usr/bin/make" "cmTC_21fef/fast"
/usr/bin/make -f CMakeFiles/cmTC_21fef.dir/build.make CMakeFiles/cmTC_21fef.dir/build
make[1]: Entering directory '/home/msi/yxh/RVO2-main/CMakeFiles/CMakeTmp'
Building CXX object CMakeFiles/cmTC_21fef.dir/testCXXCompiler.cxx.o
/usr/bin/c++     -o CMakeFiles/cmTC_21fef.dir/testCXXCompiler.cxx.o -c /home/msi/yxh/RVO2-main/CMakeFiles/CMakeTmp/testCXXCompiler.cxx
Linking CXX executable cmTC_21fef
/usr/bin/cmake -E cmake_link_script CMakeFiles/cmTC_21fef.dir/link.txt --verbose=1
/usr/bin/c++       CMakeFiles/cmTC_21fef.dir/testCXXCompiler.cxx.o  -o cmTC_21fef 
make[1]: Leaving directory '/home/msi/yxh/RVO2-main/CMakeFiles/CMakeTmp'


Detecting CXX compiler ABI info compiled with the following output:
Change Dir: /home/msi/yxh/RVO2-main/CMakeFiles/CMakeTmp

Run Build Command:"/usr/bin/make" "cmTC_331dc/fast"
/usr/bin/make -f CMakeFiles/cmTC_331dc.dir/build.make CMakeFiles/cmTC_331dc.dir/build
make[1]: Entering directory '/home/msi/yxh/RVO2-main/CMakeFiles/CMakeTmp'
Building CXX object CMakeFiles/cmTC_331dc.dir/CMakeCXXCompilerABI.cpp.o
/usr/bin/c++     -o CMakeFiles/cmTC_331dc.dir/CMakeCXXCompilerABI.cpp.o -c /usr/share/cmake-3.10/Modules/CMakeCXXCompilerABI.cpp
Linking CXX executable cmTC_331dc
/usr/bin/cmake -E cmake_link_script CMakeFiles/cmTC_331dc.dir/link.txt --verbose=1
/usr/bin/c++      -v CMakeFiles/cmTC_331dc.dir/CMakeCXXCompilerABI.cpp.o  -o cmTC_331dc 
Using built-in specs.
COLLECT_GCC=/usr/bin/c++
COLLECT_LTO_WRAPPER=/usr/lib/gcc/x86_64-linux-gnu/7/lto-wrapper
OFFLOAD_TARGET_NAMES=nvptx-none
OFFLOAD_TARGET_DEFAULT=1
Target: x86_64-linux-gnu
Configured with: ../src/configure -v --with-pkgversion='Ubuntu 7.5.0-3ubuntu1~18.04' --with-bugurl=file:///usr/share/doc/gcc-7/README.Bugs --enable-languages=c,ada,c++,go,brig,d,fortran,objc,obj-c++ --prefix=/usr --with-gcc-major-version-only --program-suffix=-7 --program-prefix=x86_64-linux-gnu- --enable-shared --enable-linker-build-id --libexecdir=/usr/lib --without-included-gettext --enable-threads=posix --libdir=/usr/lib --enable-nls --enable-bootstrap --enable-clocale=gnu --enable-libstdcxx-debug --enable-libstdcxx-time=yes --with-default-libstdcxx-abi=new --enable-gnu-unique-object --disable-vtable-verify --enable-libmpx --enable-plugin --enable-default-pie --with-system-zlib --with-target-system-zlib --enable-objc-gc=auto --enable-multiarch --disable-werror --with-arch-32=i686 --with-abi=m64 --with-multilib-list=m32,m64,mx32 --enable-multilib --with-tune=generic --enable-offload-targets=nvptx-none --without-cuda-driver --enable-checking=release --build=x86_64-linux-gnu --host=x86_64-linux-gnu --target=x86_64-linux-gnu
Thread model: posix
gcc version 7.5.0 (Ubuntu 7.5.0-3ubuntu1~18.04) 
COMPILER_PATH=/usr/lib/gcc/x86_64-linux-gnu/7/:/usr/lib/gcc/x86_64-linux-gnu/7/:/usr/lib/gcc/x86_64-linux-gnu/:/usr/lib/gcc/x86_64-linux-gnu/7/:/usr/lib/gcc/x86_64-linux-gnu/
LIBRARY_PATH=/usr/lib/gcc/x86_64-linux-gnu/7/:/usr/lib/gcc/x86_64-linux-gnu/7/../../../x86_64-linux-gnu/:/usr/lib/gcc/x86_64-linux-gnu/7/../../../../lib/:/lib/x86_64-linux-gnu/:/lib/../lib/:/usr/lib/x86_64-linux-gnu/:/usr/lib/../lib/:/usr/lib/gcc/x86_64-linux-gnu/7/../../../:/lib/:/usr/lib/
COLLECT_GCC_OPTIONS='-v' '-o' 'cmTC_331dc' '-shared-libgcc' '-mtune=generic' '-march=x86-64'
 /usr/lib/gcc/x86_64-linux-gnu/7/collect2 -plugin /usr/lib/gcc/x86_64-linux-gnu/7/liblto_plugin.so -plugin-opt=/usr/lib/gcc/x86_64-linux-gnu/7/lto-wrapper -plugin-opt=-fresolution=/tmp/cc2vpOxq.res -plugin-opt=-pass-through=-lgcc_s -plugin-opt=-pass-through=-lgcc -plugin-opt=-pass-through=-lc -plugin-opt=-pass-through=-lgcc_s -plugin-opt=-pass-through=-lgcc --build-id --eh-frame-hdr -m elf_x86_64 --hash-style=gnu --as-needed -dynamic-linker /lib64/ld-linux-x86-64.so.2 -pie -z now -z relro -o cmTC_331dc /usr/lib/gcc/x86_64-linux-gnu/7/../../../x86_64-linux-gnu/Scrt1.o /usr/lib/gcc/x86_64-linux-gnu/7/../../../x86_64-linux-gnu/crti.o /usr/lib/gcc/x86_64-linux-gnu/7/crtbeginS.o -L/usr/lib/gcc/x86_64-linux-gnu/7 -L/usr/lib/gcc/x86_64-linux-gnu/7/../../../x86_64-linux-gnu -L/usr/lib/gcc/x86_64-linux-gnu/7/../../../../lib -L/lib/x86_64-linux-gnu -L/lib/../lib -L/usr/lib/x86_64-linux-gnu -L/usr/lib/../lib -L/usr/lib/gcc/x86_64-linux-gnu/7/../../.. CMakeFiles/cmTC_331dc.dir/CMakeCXXCompilerABI.cpp.o -lstdc++ -lm -lgcc_s -lgcc -lc -lgcc_s -lgcc /usr/lib/gcc/x86_64-linux-gnu/7/crtendS.o /usr/lib/gcc/x86_64-linux-gnu/7/../../../x86_64-linux-gnu/crtn.o
COLLECT_GCC_OPTIONS='-v' '-o' 'cmTC_331dc' '-shared-libgcc' '-mtune=generic' '-march=x86-64'
make[1]: Leaving directory '/home/msi/yxh/RVO2-main/CMakeFiles/CMakeTmp'


Parsed CXX implicit link information from above output:
  link line regex: [^( *|.*[/\])(ld|CMAKE_LINK_STARTFILE-NOTFOUND|([^/\]+-)?ld|collect2)[^/\]*( |$)]
  ignore line: [Change Dir: /home/msi/yxh/RVO2-main/CMakeFiles/CMakeTmp]
  ignore line: []
  ignore line: [Run Build Command:"/usr/bin/make" "cmTC_331dc/fast"]
  ignore line: [/usr/bin/make -f CMakeFiles/cmTC_331dc.dir/build.make CMakeFiles/cmTC_331dc.dir/build]
  ignore line: [make[1]: Entering directory '/home/msi/yxh/RVO2-main/CMakeFiles/CMakeTmp']
  ignore line: [Building CXX object CMakeFiles/cmTC_331dc.dir/CMakeCXXCompilerABI.cpp.o]
  ignore line: [/usr/bin/c++     -o CMakeFiles/cmTC_331dc.dir/CMakeCXXCompilerABI.cpp.o -c /usr/share/cmake-3.10/Modules/CMakeCXXCompilerABI.cpp]
  ignore line: [Linking CXX executable cmTC_331dc]
  ignore line: [/usr/bin/cmake -E cmake_link_script CMakeFiles/cmTC_331dc.dir/link.txt --verbose=1]
  ignore line: [/usr/bin/c++      -v CMakeFiles/cmTC_331dc.dir/CMakeCXXCompilerABI.cpp.o  -o cmTC_331dc ]
  ignore line: [Using built-in specs.]
  ignore line: [COLLECT_GCC=/usr/bin/c++]
  ignore line: [COLLECT_LTO_WRAPPER=/usr/lib/gcc/x86_64-linux-gnu/7/lto-wrapper]
  ignore line: [OFFLOAD_TARGET_NAMES=nvptx-none]
  ignore line: [OFFLOAD_TARGET_DEFAULT=1]
  ignore line: [Target: x86_64-linux-gnu]
  ignore line: [Configured with: ../src/configure -v --with-pkgversion='Ubuntu 7.5.0-3ubuntu1~18.04' --with-bugurl=file:///usr/share/doc/gcc-7/README.Bugs --enable-languages=c,ada,c++,go,brig,d,fortran,objc,obj-c++ --prefix=/usr --with-gcc-major-version-only --program-suffix=-7 --program-prefix=x86_64-linux-gnu- --enable-shared --enable-linker-build-id --libexecdir=/usr/lib --without-included-gettext --enable-threads=posix --libdir=/usr/lib --enable-nls --enable-bootstrap --enable-clocale=gnu --enable-libstdcxx-debug --enable-libstdcxx-time=yes --with-default-libstdcxx-abi=new --enable-gnu-unique-object --disable-vtable-verify --enable-libmpx --enable-plugin --enable-default-pie --with-system-zlib --with-target-system-zlib --enable-objc-gc=auto --enable-multiarch --disable-werror --with-arch-32=i686 --with-abi=m64 --with-multilib-list=m32,m64,mx32 --enable-multilib --with-tune=generic --enable-offload-targets=nvptx-none --without-cuda-driver --enable-checking=release --build=x86_64-linux-gnu --host=x86_64-linux-gnu --target=x86_64-linux-gnu]
  ignore line: [Thread model: posix]
  ignore line: [gcc version 7.5.0 (Ubuntu 7.5.0-3ubuntu1~18.04) ]
  ignore line: [COMPILER_PATH=/usr/lib/gcc/x86_64-linux-gnu/7/:/usr/lib/gcc/x86_64-linux-gnu/7/:/usr/lib/gcc/x86_64-linux-gnu/:/usr/lib/gcc/x86_64-linux-gnu/7/:/usr/lib/gcc/x86_64-linux-gnu/]
  ignore line: [LIBRARY_PATH=/usr/lib/gcc/x86_64-linux-gnu/7/:/usr/lib/gcc/x86_64-linux-gnu/7/../../../x86_64-linux-gnu/:/usr/lib/gcc/x86_64-linux-gnu/7/../../../../lib/:/lib/x86_64-linux-gnu/:/lib/../lib/:/usr/lib/x86_64-linux-gnu/:/usr/lib/../lib/:/usr/lib/gcc/x86_64-linux-gnu/7/../../../:/lib/:/usr/lib/]
  ignore line: [COLLECT_GCC_OPTIONS='-v' '-o' 'cmTC_331dc' '-shared-libgcc' '-mtune=generic' '-march=x86-64']
  link line: [ /usr/lib/gcc/x86_64-linux-gnu/7/collect2 -plugin /usr/lib/gcc/x86_64-linux-gnu/7/liblto_plugin.so -plugin-opt=/usr/lib/gcc/x86_64-linux-gnu/7/lto-wrapper -plugin-opt=-fresolution=/tmp/cc2vpOxq.res -plugin-opt=-pass-through=-lgcc_s -plugin-opt=-pass-through=-lgcc -plugin-opt=-pass-through=-lc -plugin-opt=-pass-through=-lgcc_s -plugin-opt=-pass-through=-lgcc --build-id --eh-frame-hdr -m elf_x86_64 --hash-style=gnu --as-needed -dynamic-linker /lib64/ld-linux-x86-64.so.2 -pie -z now -z relro -o cmTC_331dc /usr/lib/gcc/x86_64-linux-gnu/7/../../../x86_64-linux-gnu/Scrt1.o /usr/lib/gcc/x86_64-linux-gnu/7/../../../x86_64-linux-gnu/crti.o /usr/lib/gcc/x86_64-linux-gnu/7/crtbeginS.o -L/usr/lib/gcc/x86_64-linux-gnu/7 -L/usr/lib/gcc/x86_64-linux-gnu/7/../../../x86_64-linux-gnu -L/usr/lib/gcc/x86_64-linux-gnu/7/../../../../lib -L/lib/x86_64-linux-gnu -L/lib/../lib -L/usr/lib/x86_64-linux-gnu -L/usr/lib/../lib -L/usr/lib/gcc/x86_64-linux-gnu/7/../../.. CMakeFiles/cmTC_331dc.dir/CMakeCXXCompilerABI.cpp.o -lstdc++ -lm -lgcc_s -lgcc -lc -lgcc_s -lgcc /usr/lib/gcc/x86_64-linux-gnu/7/crtendS.o /usr/lib/gcc/x86_64-linux-gnu/7/../../../x86_64-linux-gnu/crtn.o]
    arg [/usr/lib/gcc/x86_64-linux-gnu/7/collect2] ==> ignore
    arg [-plugin] ==> ignore
    arg [/usr/lib/gcc/x86_64-linux-gnu/7/liblto_plugin.so] ==> ignore
    arg [-plugin-opt=/usr/lib/gcc/x86_64-linux-gnu/7/lto-wrapper] ==> ignore
    arg [-plugin-opt=-fresolution=/tmp/cc2vpOxq.res] ==> ignore
    arg [-plugin-opt=-pass-through=-lgcc_s] ==> ignore
    arg [-plugin-opt=-pass-through=-lgcc] ==> ignore
    arg [-plugin-opt=-pass-through=-lc] ==> ignore
    arg [-plugin-opt=-pass-through=-lgcc_s] ==> ignore
    arg [-plugin-opt=-pass-through=-lgcc] ==> ignore
    arg [--build-id] ==> ignore
    arg [--eh-frame-hdr] ==> ignore
    arg [-m] ==> ignore
    arg [elf_x86_64] ==> ignore
    arg [--hash-style=gnu] ==> ignore
    arg [--as-needed] ==> ignore
    arg [-dynamic-linker] ==> ignore
    arg [/lib64/ld-linux-x86-64.so.2] ==> ignore
    arg [-pie] ==> ignore
    arg [-znow] ==> ignore
    arg [-zrelro] ==> ignore
    arg [-o] ==> ignore
    arg [cmTC_331dc] ==> ignore
    arg [/usr/lib/gcc/x86_64-linux-gnu/7/../../../x86_64-linux-gnu/Scrt1.o] ==> ignore
    arg [/usr/lib/gcc/x86_64-linux-gnu/7/../../../x86_64-linux-gnu/crti.o] ==> ignore
    arg [/usr/lib/gcc/x86_64-linux-gnu/7/crtbeginS.o] ==> ignore
    arg [-L/usr/lib/gcc/x86_64-linux-gnu/7] ==> dir [/usr/lib/gcc/x86_64-linux-gnu/7]
    arg [-L/usr/lib/gcc/x86_64-linux-gnu/7/../../../x86_64-linux-gnu] ==> dir [/usr/lib/gcc/x86_64-linux-gnu/7/../../../x86_64-linux-gnu]
    arg [-L/usr/lib/gcc/x86_64-linux-gnu/7/../../../../lib] ==> dir [/usr/lib/gcc/x86_64-linux-gnu/7/../../../../lib]
    arg [-L/lib/x86_64-linux-gnu] ==> dir [/lib/x86_64-linux-gnu]
    arg [-L/lib/../lib] ==> dir [/lib/../lib]
    arg [-L/usr/lib/x86_64-linux-gnu] ==> dir [/usr/lib/x86_64-linux-gnu]
    arg [-L/usr/lib/../lib] ==> dir [/usr/lib/../lib]
    arg [-L/usr/lib/gcc/x86_64-linux-gnu/7/../../..] ==> dir [/usr/lib/gcc/x86_64-linux-gnu/7/../../..]
    arg [CMakeFiles/cmTC_331dc.dir/CMakeCXXCompilerABI.cpp.o] ==> ignore
    arg [-lstdc++] ==> lib [stdc++]
    arg [-lm] ==> lib [m]
    arg [-lgcc_s] ==> lib [gcc_s]
    arg [-lgcc] ==> lib [gcc]
    arg [-lc] ==> lib [c]
    arg [-lgcc_s] ==> lib [gcc_s]
    arg [-lgcc] ==> lib [gcc]
    arg [/usr/lib/gcc/x86_64-linux-gnu/7/crtendS.o] ==> ignore
    arg [/usr/lib/gcc/x86_64-linux-gnu/7/../../../x86_64-linux-gnu/crtn.o] ==> ignore
  collapse library dir [/usr/lib/gcc/x86_64-linux-gnu/7] ==> [/usr/lib/gcc/x86_64-linux-gnu/7]
  collapse library dir [/usr/lib/gcc/x86_64-linux-gnu/7/../../../x86_64-linux-gnu] ==> [/usr/lib/x86_64-linux-gnu]
  collapse library dir [/usr/lib/gcc/x86_64-linux-gnu/7/../../../../lib] ==> [/usr/lib]
  collapse library dir [/lib/x86_64-linux-gnu] ==> [/lib/x86_64-linux-gnu]
  collapse library dir [/lib/../lib] ==> [/lib]
  collapse library dir [/usr/lib/x86_64-linux-gnu] ==> [/usr/lib/x86_64-linux-gnu]
  collapse library dir [/usr/lib/../lib] ==> [/usr/lib]
  collapse library dir [/usr/lib/gcc/x86_64-linux-gnu/7/../../..] ==> [/usr/lib]
  implicit libs: [stdc++;m;gcc_s;gcc;c;gcc_s;gcc]
  implicit dirs: [/usr/lib/gcc/x86_64-linux-gnu/7;/usr/lib/x86_64-linux-gnu;/usr/lib;/lib/x86_64-linux-gnu;/lib]
  implicit fwks: []




Detecting CXX [-std=c++1z] compiler features compiled with the following output:
Change Dir: /home/msi/yxh/RVO2-main/CMakeFiles/CMakeTmp

Run Build Command:"/usr/bin/make" "cmTC_c4003/fast"
/usr/bin/make -f CMakeFiles/cmTC_c4003.dir/build.make CMakeFiles/cmTC_c4003.dir/build
make[1]: Entering directory '/home/msi/yxh/RVO2-main/CMakeFiles/CMakeTmp'
Building CXX object CMakeFiles/cmTC_c4003.dir/feature_tests.cxx.o
/usr/bin/c++    -std=c++1z -o CMakeFiles/cmTC_c4003.dir/feature_tests.cxx.o -c /home/msi/yxh/RVO2-main/CMakeFiles/feature_tests.cxx
Linking CXX executable cmTC_c4003
/usr/bin/cmake -E cmake_link_script CMakeFiles/cmTC_c4003.dir/link.txt --verbose=1
/usr/bin/c++       CMakeFiles/cmTC_c4003.dir/feature_tests.cxx.o  -o cmTC_c4003 
make[1]: Leaving directory '/home/msi/yxh/RVO2-main/CMakeFiles/CMakeTmp'


    Feature record: CXX_FEATURE:1cxx_aggregate_default_initializers
    Feature record: CXX_FEATURE:1cxx_alias_templates
    Feature record: CXX_FEATURE:1cxx_alignas
    Feature record: CXX_FEATURE:1cxx_alignof
    Feature record: CXX_FEATURE:1cxx_attributes
    Feature record: CXX_FEATURE:1cxx_attribute_deprecated
    Feature record: CXX_FEATURE:1cxx_auto_type
    Feature record: CXX_FEATURE:1cxx_binary_literals
    Feature record: CXX_FEATURE:1cxx_constexpr
    Feature record: CXX_FEATURE:1cxx_contextual_conversions
    Feature record: CXX_FEATURE:1cxx_decltype
    Feature record: CXX_FEATURE:1cxx_decltype_auto
    Feature record: CXX_FEATURE:1cxx_decltype_incomplete_return_types
    Feature record: CXX_FEATURE:1cxx_default_function_template_args
    Feature record: CXX_FEATURE:1cxx_defaulted_functions
    Feature record: CXX_FEATURE:1cxx_defaulted_move_initializers
    Feature record: CXX_FEATURE:1cxx_delegating_constructors
    Feature record: CXX_FEATURE:1cxx_deleted_functions
    Feature record: CXX_FEATURE:1cxx_digit_separators
    Feature record: CXX_FEATURE:1cxx_enum_forward_declarations
    Feature record: CXX_FEATURE:1cxx_explicit_conversions
    Feature record: CXX_FEATURE:1cxx_extended_friend_declarations
    Feature record: CXX_FEATURE:1cxx_extern_templates
    Feature record: CXX_FEATURE:1cxx_final
    Feature record: CXX_FEATURE:1cxx_func_identifier
    Feature record: CXX_FEATURE:1cxx_generalized_initializers
    Feature record: CXX_FEATURE:1cxx_generic_lambdas
    Feature record: CXX_FEATURE:1cxx_inheriting_constructors
    Feature record: CXX_FEATURE:1cxx_inline_namespaces
    Feature record: CXX_FEATURE:1cxx_lambdas
    Feature record: CXX_FEATURE:1cxx_lambda_init_captures
    Feature record: CXX_FEATURE:1cxx_local_type_template_args
    Feature record: CXX_FEATURE:1cxx_long_long_type
    Feature record: CXX_FEATURE:1cxx_noexcept
    Feature record: CXX_FEATURE:1cxx_nonstatic_member_init
    Feature record: CXX_FEATURE:1cxx_nullptr
    Feature record: CXX_FEATURE:1cxx_override
    Feature record: CXX_FEATURE:1cxx_range_for
    Feature record: CXX_FEATURE:1cxx_raw_string_literals
    Feature record: CXX_FEATURE:1cxx_reference_qualified_functions
    Feature record: CXX_FEATURE:1cxx_relaxed_constexpr
    Feature record: CXX_FEATURE:1cxx_return_type_deduction
    Feature record: CXX_FEATURE:1cxx_right_angle_brackets
    Feature record: CXX_FEATURE:1cxx_rvalue_references
    Feature record: CXX_FEATURE:1cxx_sizeof_member
    Feature record: CXX_FEATURE:1cxx_static_assert
    Feature record: CXX_FEATURE:1cxx_strong_enums
    Feature record: CXX_FEATURE:1cxx_template_template_parameters
    Feature record: CXX_FEATURE:1cxx_thread_local
    Feature record: CXX_FEATURE:1cxx_trailing_return_types
    Feature record: CXX_FEATURE:1cxx_unicode_literals
    Feature record: CXX_FEATURE:1cxx_uniform_initialization
    Feature record: CXX_FEATURE:1cxx_unrestricted_unions
    Feature record: CXX_FEATURE:1cxx_user_literals
    Feature record: CXX_FEATURE:1cxx_variable_templates
    Feature record: CXX_FEATURE:1cxx_variadic_macros
    Feature record: CXX_FEATURE:1cxx_variadic_templates


Detecting CXX [-std=c++14] compiler features compiled with the following output:
Change Dir: /home/msi/yxh/RVO2-main/CMakeFiles/CMakeTmp

Run Build Command:"/usr/bin/make" "cmTC_d09f5/fast"
/usr/bin/make -f CMakeFiles/cmTC_d09f5.dir/build.make CMakeFiles/cmTC_d09f5.dir/build
make[1]: Entering directory '/home/msi/yxh/RVO2-main/CMakeFiles/CMakeTmp'
Building CXX object CMakeFiles/cmTC_d09f5.dir/feature_tests.cxx.o
/usr/bin/c++    -std=c++14 -o CMakeFiles/cmTC_d09f5.dir/feature_tests.cxx.o -c /home/msi/yxh/RVO2-main/CMakeFiles/feature_tests.cxx
Linking CXX executable cmTC_d09f5
/usr/bin/cmake -E cmake_link_script CMakeFiles/cmTC_d09f5.dir/link.txt --verbose=1
/usr/bin/c++       CMakeFiles/cmTC_d09f5.dir/feature_tests.cxx.o  -o cmTC_d09f5 
make[1]: Leaving directory '/home/msi/yxh/RVO2-main/CMakeFiles/CMakeTmp'


    Feature record: CXX_FEATURE:1cxx_aggregate_default_initializers
    Feature record: CXX_FEATURE:1cxx_alias_templates
    Feature record: CXX_FEATURE:1cxx_alignas
    Feature record: CXX_FEATURE:1cxx_alignof
    Feature record: CXX_FEATURE:1cxx_attributes
    Feature record: CXX_FEATURE:1cxx_attribute_deprecated
    Feature record: CXX_FEATURE:1cxx_auto_type
    Feature record: CXX_FEATURE:1cxx_binary_literals
    Feature record: CXX_FEATURE:1cxx_constexpr
    Feature record: CXX_FEATURE:1cxx_contextual_conversions
    Feature record: CXX_FEATURE:1cxx_decltype
    Feature record: CXX_FEATURE:1cxx_decltype_auto
    Feature record: CXX_FEATURE:1cxx_decltype_incomplete_return_types
    Feature record: CXX_FEATURE:1cxx_default_function_template_args
    Feature record: CXX_FEATURE:1cxx_defaulted_functions
    Feature record: CXX_FEATURE:1cxx_defaulted_move_initializers
    Feature record: CXX_FEATURE:1cxx_delegating_constructors
    Feature record: CXX_FEATURE:1cxx_deleted_functions
    Feature record: CXX_FEATURE:1cxx_digit_separators
    Feature record: CXX_FEATURE:1cxx_enum_forward_declarations
    Feature record: CXX_FEATURE:1cxx_explicit_conversions
    Feature record: CXX_FEATURE:1cxx_extended_friend_declarations
    Feature record: CXX_FEATURE:1cxx_extern_templates
    Feature record: CXX_FEATURE:1cxx_final
    Feature record: CXX_FEATURE:1cxx_func_identifier
    Feature record: CXX_FEATURE:1cxx_generalized_initializers
    Feature record: CXX_FEATURE:1cxx_generic_lambdas
    Feature record: CXX_FEATURE:1cxx_inheriting_constructors
    Feature record: CXX_FEATURE:1cxx_inline_namespaces
    Feature record: CXX_FEATURE:1cxx_lambdas
    Feature record: CXX_FEATURE:1cxx_lambda_init_captures
    Feature record: CXX_FEATURE:1cxx_local_type_template_args
    Feature record: CXX_FEATURE:1cxx_long_long_type
    Feature record: CXX_FEATURE:1cxx_noexcept
    Feature record: CXX_FEATURE:1cxx_nonstatic_member_init
    Feature record: CXX_FEATURE:1cxx_nullptr
    Feature record: CXX_FEATURE:1cxx_override
    Feature record: CXX_FEATURE:1cxx_range_for
    Feature record: CXX_FEATURE:1cxx_raw_string_literals
    Feature record: CXX_FEATURE:1cxx_reference_qualified_functions
    Feature record: CXX_FEATURE:1cxx_relaxed_constexpr
    Feature record: CXX_FEATURE:1cxx_return_type_deduction
    Feature record: CXX_FEATURE:1cxx_right_angle_brackets
    Feature record: CXX_FEATURE:1cxx_rvalue_references
    Feature record: CXX_FEATURE:1cxx_sizeof_member
    Feature record: CXX_FEATURE:1cxx_static_assert
    Feature record: CXX_FEATURE:1cxx_strong_enums
    Feature record: CXX_FEATURE:1cxx_template_template_parameters
    Feature record: CXX_FEATURE:1cxx_thread_local
    Feature record: CXX_FEATURE:1cxx_trailing_return_types
    Feature record: CXX_FEATURE:1cxx_unicode_literals
    Feature record: CXX_FEATURE:1cxx_uniform_initialization
    Feature record: CXX_FEATURE:1cxx_unrestricted_unions
    Feature record: CXX_FEATURE:1cxx_user_literals
    Feature record: CXX_FEATURE:1cxx_variable_templates
    Feature record: CXX_FEATURE:1cxx_variadic_macros
    Feature record: CXX_FEATURE:1cxx_variadic_templates


Detecting CXX [-std=c++11] compiler features compiled with the following output:
Change Dir: /home/msi/yxh/RVO2-main/CMakeFiles/CMakeTmp

Run Build Command:"/usr/bin/make" "cmTC_d6c49/fast"
/usr/bin/make -f CMakeFiles/cmTC_d6c49.dir/build.make CMakeFiles/cmTC_d6c49.dir/build
make[1]: Entering directory '/home/msi/yxh/RVO2-main/CMakeFiles/CMakeTmp'
Building CXX object CMakeFiles/cmTC_d6c49.dir/feature_tests.cxx.o
/usr/bin/c++    -std=c++11 -o CMakeFiles/cmTC_d6c49.dir/feature_tests.cxx.o -c /home/msi/yxh/RVO2-main/CMakeFiles/feature_tests.cxx
Linking CXX executable cmTC_d6c49
/usr/bin/cmake -E cmake_link_script CMakeFiles/cmTC_d6c49.dir/link.txt --verbose=1
/usr/bin/c++       CMakeFiles/cmTC_d6c49.dir/feature_tests.cxx.o  -o cmTC_d6c49 
make[1]: Leaving directory '/home/msi/yxh/RVO2-main/CMakeFiles/CMakeTmp'


    Feature record: CXX_FEATURE:0cxx_aggregate_default_initializers
    Feature record: CXX_FEATURE:1cxx_alias_templates
    Feature record: CXX_FEATURE:1cxx_alignas
    Feature record: CXX_FEATURE:1cxx_alignof
    Feature record: CXX_FEATURE:1cxx_attributes
    Feature record: CXX_FEATURE:0cxx_attribute_deprecated
    Feature record: CXX_FEATURE:1cxx_auto_type
    Feature record: CXX_FEATURE:0cxx_binary_literals
    Feature record: CXX_FEATURE:1cxx_constexpr
    Feature record: CXX_FEATURE:0cxx_contextual_conversions
    Feature record: CXX_FEATURE:1cxx_decltype
    Feature record: CXX_FEATURE:0cxx_decltype_auto
    Feature record: CXX_FEATURE:1cxx_decltype_incomplete_return_types
    Feature record: CXX_FEATURE:1cxx_default_function_template_args
    Feature record: CXX_FEATURE:1cxx_defaulted_functions
    Feature record: CXX_FEATURE:1cxx_defaulted_move_initializers
    Feature record: CXX_FEATURE:1cxx_delegating_constructors
    Feature record: CXX_FEATURE:1cxx_deleted_functions
    Feature record: CXX_FEATURE:0cxx_digit_separators
    Feature record: CXX_FEATURE:1cxx_enum_forward_declarations
    Feature record: CXX_FEATURE:1cxx_explicit_conversions
    Feature record: CXX_FEATURE:1cxx_extended_friend_declarations
    Feature record: CXX_FEATURE:1cxx_extern_templates
    Feature record: CXX_FEATURE:1cxx_final
    Feature record: CXX_FEATURE:1cxx_func_identifier
    Feature record: CXX_FEATURE:1cxx_generalized_initializers
    Feature record: CXX_FEATURE:0cxx_generic_lambdas
    Feature record: CXX_FEATURE:1cxx_inheriting_constructors
    Feature record: CXX_FEATURE:1cxx_inline_namespaces
    Feature record: CXX_FEATURE:1cxx_lambdas
    Feature record: CXX_FEATURE:0cxx_lambda_init_captures
    Feature record: CXX_FEATURE:1cxx_local_type_template_args
    Feature record: CXX_FEATURE:1cxx_long_long_type
    Feature record: CXX_FEATURE:1cxx_noexcept
    Feature record: CXX_FEATURE:1cxx_nonstatic_member_init
    Feature record: CXX_FEATURE:1cxx_nullptr
    Feature record: CXX_FEATURE:1cxx_override
    Feature record: CXX_FEATURE:1cxx_range_for
    Feature record: CXX_FEATURE:1cxx_raw_string_literals
    Feature record: CXX_FEATURE:1cxx_reference_qualified_functions
    Feature record: CXX_FEATURE:0cxx_relaxed_constexpr
    Feature record: CXX_FEATURE:0cxx_return_type_deduction
    Feature record: CXX_FEATURE:1cxx_right_angle_brackets
    Feature record: CXX_FEATURE:1cxx_rvalue_references
    Feature record: CXX_FEATURE:1cxx_sizeof_member
    Feature record: CXX_FEATURE:1cxx_static_assert
    Feature record: CXX_FEATURE:1cxx_strong_enums
    Feature record: CXX_FEATURE:1cxx_template_template_parameters
    Feature record: CXX_FEATURE:1cxx_thread_local
    Feature record: CXX_FEATURE:1cxx_trailing_return_types
    Feature record: CXX_FEATURE:1cxx_unicode_literals
    Feature record: CXX_FEATURE:1cxx_uniform_initialization
    Feature record: CXX_FEATURE:1cxx_unrestricted_unions
    Feature record: CXX_FEATURE:1cxx_user_literals
    Feature record: CXX_FEATURE:0cxx_variable_templates
    Feature record: CXX_FEATURE:1cxx_variadic_macros
    Feature record: CXX_FEATURE:1cxx_variadic_templates


Detecting CXX [-std=c++98] compiler features compiled with the following output:
Change Dir: /home/msi/yxh/RVO2-main/CMakeFiles/CMakeTmp

Run Build Command:"/usr/bin/make" "cmTC_68bca/fast"
/usr/bin/make -f CMakeFiles/cmTC_68bca.dir/build.make CMakeFiles/cmTC_68bca.dir/build
make[1]: Entering directory '/home/msi/yxh/RVO2-main/CMakeFiles/CMakeTmp'
Building CXX object CMakeFiles/cmTC_68bca.dir/feature_tests.cxx.o
/usr/bin/c++    -std=c++98 -o CMakeFiles/cmTC_68bca.dir/feature_tests.cxx.o -c /home/msi/yxh/RVO2-main/CMakeFiles/feature_tests.cxx
Linking CXX executable cmTC_68bca
/usr/bin/cmake -E cmake_link_script CMakeFiles/cmTC_68bca.dir/link.txt --verbose=1
/usr/bin/c++       CMakeFiles/cmTC_68bca.dir/feature_tests.cxx.o  -o cmTC_68bca 
make[1]: Leaving directory '/home/msi/yxh/RVO2-main/CMakeFiles/CMakeTmp'


    Feature record: CXX_FEATURE:0cxx_aggregate_default_initializers
    Feature record: CXX_FEATURE:0cxx_alias_templates
    Feature record: CXX_FEATURE:0cxx_alignas
    Feature record: CXX_FEATURE:0cxx_alignof
    Feature record: CXX_FEATURE:0cxx_attributes
    Feature record: CXX_FEATURE:0cxx_attribute_deprecated
    Feature record: CXX_FEATURE:0cxx_auto_type
    Feature record: CXX_FEATURE:0cxx_binary_literals
    Feature record: CXX_FEATURE:0cxx_constexpr
    Feature record: CXX_FEATURE:0cxx_contextual_conversions
    Feature record: CXX_FEATURE:0cxx_decltype
    Feature record: CXX_FEATURE:0cxx_decltype_auto
    Feature record: CXX_FEATURE:0cxx_decltype_incomplete_return_types
    Feature record: CXX_FEATURE:0cxx_default_function_template_args
    Feature record: CXX_FEATURE:0cxx_defaulted_functions
    Feature record: CXX_FEATURE:0cxx_defaulted_move_initializers
    Feature record: CXX_FEATURE:0cxx_delegating_constructors
    Feature record: CXX_FEATURE:0cxx_deleted_functions
    Feature record: CXX_FEATURE:0cxx_digit_separators
    Feature record: CXX_FEATURE:0cxx_enum_forward_declarations
    Feature record: CXX_FEATURE:0cxx_explicit_conversions
    Feature record: CXX_FEATURE:0cxx_extended_friend_declarations
    Feature record: CXX_FEATURE:0cxx_extern_templates
    Feature record: CXX_FEATURE:0cxx_final
    Feature record: CXX_FEATURE:0cxx_func_identifier
    Feature record: CXX_FEATURE:0cxx_generalized_initializers
    Feature record: CXX_FEATURE:0cxx_generic_lambdas
    Feature record: CXX_FEATURE:0cxx_inheriting_constructors
    Feature record: CXX_FEATURE:0cxx_inline_namespaces
    Feature record: CXX_FEATURE:0cxx_lambdas
    Feature record: CXX_FEATURE:0cxx_lambda_init_captures
    Feature record: CXX_FEATURE:0cxx_local_type_template_args
    Feature record: CXX_FEATURE:0cxx_long_long_type
    Feature record: CXX_FEATURE:0cxx_noexcept
    Feature record: CXX_FEATURE:0cxx_nonstatic_member_init
    Feature record: CXX_FEATURE:0cxx_nullptr
    Feature record: CXX_FEATURE:0cxx_override
    Feature record: CXX_FEATURE:0cxx_range_for
    Feature record: CXX_FEATURE:0cxx_raw_string_literals
    Feature record: CXX_FEATURE:0cxx_reference_qualified_functions
    Feature record: CXX_FEATURE:0cxx_relaxed_constexpr
    Feature record: CXX_FEATURE:0cxx_return_type_deduction
    Feature record: CXX_FEATURE:0cxx_right_angle_brackets
    Feature record: CXX_FEATURE:0cxx_rvalue_references
    Feature record: CXX_FEATURE:0cxx_sizeof_member
    Feature record: CXX_FEATURE:0cxx_static_assert
    Feature record: CXX_FEATURE:0cxx_strong_enums
    Feature record: CXX_FEATURE:1cxx_template_template_parameters
    Feature record: CXX_FEATURE:0cxx_thread_local
    Feature record: CXX_FEATURE:0cxx_trailing_return_types
    Feature record: CXX_FEATURE:0cxx_unicode_literals
    Feature record: CXX_FEATURE:0cxx_uniform_initialization
    Feature record: CXX_FEATURE:0cxx_unrestricted_unions
    Feature record: CXX_FEATURE:0cxx_user_literals
    Feature record: CXX_FEATURE:0cxx_variable_templates
    Feature record: CXX_FEATURE:0cxx_variadic_macros
    Feature record: CXX_FEATURE:0cxx_variadic_templates
Performing C++ SOURCE FILE Test RVO_COMPILER_SUPPORTS_WALL succeeded with the following output:
Change Dir: /home/msi/yxh/RVO2-main/CMakeFiles/CMakeTmp

Run Build Command:"/usr/bin/make" "cmTC_f7865/fast"
/usr/bin/make -f CMakeFiles/cmTC_f7865.dir/build.make CMakeFiles/cmTC_f7865.dir/build
make[1]: Entering directory '/home/msi/yxh/RVO2-main/CMakeFiles/CMakeTmp'
Building CXX object CMakeFiles/cmTC_f7865.dir/src.cxx.o
/usr/bin/c++    -DRVO_COMPILER_SUPPORTS_WALL -fPIE   -Wall -std=c++98 -o CMakeFiles/cmTC_f7865.dir/src.cxx.o -c /home/msi/yxh/RVO2-main/CMakeFiles/CMakeTmp/src.cxx
Linking CXX executable cmTC_f7865
/usr/bin/cmake -E cmake_link_script CMakeFiles/cmTC_f7865.dir/link.txt --verbose=1
/usr/bin/c++   -DRVO_COMPILER_SUPPORTS_WALL    CMakeFiles/cmTC_f7865.dir/src.cxx.o  -o cmTC_f7865 
make[1]: Leaving directory '/home/msi/yxh/RVO2-main/CMakeFiles/CMakeTmp'

Source file was:
int main() { return 0; }
Performing C++ SOURCE FILE Test RVO_COMPILER_SUPPORTS_WFORMAT_SECURITY succeeded with the following output:
Change Dir: /home/msi/yxh/RVO2-main/CMakeFiles/CMakeTmp

Run Build Command:"/usr/bin/make" "cmTC_58f19/fast"
/usr/bin/make -f CMakeFiles/cmTC_58f19.dir/build.make CMakeFiles/cmTC_58f19.dir/build
make[1]: Entering directory '/home/msi/yxh/RVO2-main/CMakeFiles/CMakeTmp'
Building CXX object CMakeFiles/cmTC_58f19.dir/src.cxx.o
/usr/bin/c++    -DRVO_COMPILER_SUPPORTS_WFORMAT_SECURITY -fPIE   -Wformat-security -std=c++98 -o CMakeFiles/cmTC_58f19.dir/src.cxx.o -c /home/msi/yxh/RVO2-main/CMakeFiles/CMakeTmp/src.cxx
Linking CXX executable cmTC_58f19
/usr/bin/cmake -E cmake_link_script CMakeFiles/cmTC_58f19.dir/link.txt --verbose=1
/usr/bin/c++   -DRVO_COMPILER_SUPPORTS_WFORMAT_SECURITY    CMakeFiles/cmTC_58f19.dir/src.cxx.o  -o cmTC_58f19 
make[1]: Leaving directory '/home/msi/yxh/RVO2-main/CMakeFiles/CMakeTmp'

Source file was:
int main() { return 0; }
Performing C++ SOURCE FILE Test RVO_COMPILER_SUPPORTS_WERROR_FORMAT_SECURITY succeeded with the following output:
Change Dir: /home/msi/yxh/RVO2-main/CMakeFiles/CMakeTmp

Run Build Command:"/usr/bin/make" "cmTC_34a03/fast"
/usr/bin/make -f CMakeFiles/cmTC_34a03.dir/build.make CMakeFiles/cmTC_34a03.dir/build
make[1]: Entering directory '/home/msi/yxh/RVO2-main/CMakeFiles/CMakeTmp'
Building CXX object CMakeFiles/cmTC_34a03.dir/src.cxx.o
/usr/bin/c++    -DRVO_COMPILER_SUPPORTS_WERROR_FORMAT_SECURITY -fPIE   -Werror=format-security -std=c++98 -o CMakeFiles/cmTC_34a03.dir/src.cxx.o -c /home/msi/yxh/RVO2-main/CMakeFiles/CMakeTmp/src.cxx
Linking CXX executable cmTC_34a03
/usr/bin/cmake -E cmake_link_script CMakeFiles/cmTC_34a03.dir/link.txt --verbose=1
/usr/bin/c++   -DRVO_COMPILER_SUPPORTS_WERROR_FORMAT_SECURITY    CMakeFiles/cmTC_34a03.dir/src.cxx.o  -o cmTC_34a03 
make[1]: Leaving directory '/home/msi/yxh/RVO2-main/CMakeFiles/CMakeTmp'

Source file was:
int main() { return 0; }
Performing C++ SOURCE FILE Test RVO_COMPILER_SUPPORTS_WNO_UNUSED succeeded with the following output:
Change Dir: /home/msi/yxh/RVO2-main/CMakeFiles/CMakeTmp

Run Build Command:"/usr/bin/make" "cmTC_ac0a3/fast"
/usr/bin/make -f CMakeFiles/cmTC_ac0a3.dir/build.make CMakeFiles/cmTC_ac0a3.dir/build
make[1]: Entering directory '/home/msi/yxh/RVO2-main/CMakeFiles/CMakeTmp'
Building CXX object CMakeFiles/cmTC_ac0a3.dir/src.cxx.o
/usr/bin/c++    -DRVO_COMPILER_SUPPORTS_WNO_UNUSED -fPIE   -Wno-unused -std=c++98 -o CMakeFiles/cmTC_ac0a3.dir/src.cxx.o -c /home/msi/yxh/RVO2-main/CMakeFiles/CMakeTmp/src.cxx
Linking CXX executable cmTC_ac0a3
/usr/bin/cmake -E cmake_link_script CMakeFiles/cmTC_ac0a3.dir/link.txt --verbose=1
/usr/bin/c++   -DRVO_COMPILER_SUPPORTS_WNO_UNUSED    CMakeFiles/cmTC_ac0a3.dir/src.cxx.o  -o cmTC_ac0a3 
make[1]: Leaving directory '/home/msi/yxh/RVO2-main/CMakeFiles/CMakeTmp'

Source file was:
int main() { return 0; }
Performing C++ SOURCE FILE Test HRVO_LINKER_SUPPORTS__FATAL_WARNINGS succeeded with the following output:
Change Dir: /home/msi/yxh/RVO2-main/CMakeFiles/CMakeTmp

Run Build Command:"/usr/bin/make" "cmTC_32277/fast"
/usr/bin/make -f CMakeFiles/cmTC_32277.dir/build.make CMakeFiles/cmTC_32277.dir/build
make[1]: Entering directory '/home/msi/yxh/RVO2-main/CMakeFiles/CMakeTmp'
Building CXX object CMakeFiles/cmTC_32277.dir/src.cxx.o
/usr/bin/c++    -Wall -Wformat-security -Werror=format-security -Wno-unused -DHRVO_LINKER_SUPPORTS__FATAL_WARNINGS -fPIE   -std=c++98 -o CMakeFiles/cmTC_32277.dir/src.cxx.o -c /home/msi/yxh/RVO2-main/CMakeFiles/CMakeTmp/src.cxx
Linking CXX executable cmTC_32277
/usr/bin/cmake -E cmake_link_script CMakeFiles/cmTC_32277.dir/link.txt --verbose=1
/usr/bin/c++   -Wall -Wformat-security -Werror=format-security -Wno-unused -DHRVO_LINKER_SUPPORTS__FATAL_WARNINGS    CMakeFiles/cmTC_32277.dir/src.cxx.o  -o cmTC_32277 -Wl,--fatal-warnings 
make[1]: Leaving directory '/home/msi/yxh/RVO2-main/CMakeFiles/CMakeTmp'

Source file was:
int main() { return 0; }
Performing C++ SOURCE FILE Test RVO_LINKER_SUPPORTS__AS_NEEDED succeeded with the following output:
Change Dir: /home/msi/yxh/RVO2-main/CMakeFiles/CMakeTmp

Run Build Command:"/usr/bin/make" "cmTC_ee5a7/fast"
/usr/bin/make -f CMakeFiles/cmTC_ee5a7.dir/build.make CMakeFiles/cmTC_ee5a7.dir/build
make[1]: Entering directory '/home/msi/yxh/RVO2-main/CMakeFiles/CMakeTmp'
Building CXX object CMakeFiles/cmTC_ee5a7.dir/src.cxx.o
/usr/bin/c++    -Wall -Wformat-security -Werror=format-security -Wno-unused -DRVO_LINKER_SUPPORTS__AS_NEEDED -fPIE   -std=c++98 -o CMakeFiles/cmTC_ee5a7.dir/src.cxx.o -c /home/msi/yxh/RVO2-main/CMakeFiles/CMakeTmp/src.cxx
Linking CXX executable cmTC_ee5a7
/usr/bin/cmake -E cmake_link_script CMakeFiles/cmTC_ee5a7.dir/link.txt --verbose=1
/usr/bin/c++   -Wall -Wformat-security -Werror=format-security -Wno-unused -DRVO_LINKER_SUPPORTS__AS_NEEDED    CMakeFiles/cmTC_ee5a7.dir/src.cxx.o  -o cmTC_ee5a7 -Wl,--fatal-warnings -Wl,--as-needed 
make[1]: Leaving directory '/home/msi/yxh/RVO2-main/CMakeFiles/CMakeTmp'

Source file was:
int main() { return 0; }
Performing C++ SOURCE FILE Test COMPILER_HAS_HIDDEN_VISIBILITY succeeded with the following output:
Change Dir: /home/msi/yxh/RVO2-main/CMakeFiles/CMakeTmp

Run Build Command:"/usr/bin/make" "cmTC_986f8/fast"
/usr/bin/make -f CMakeFiles/cmTC_986f8.dir/build.make CMakeFiles/cmTC_986f8.dir/build
make[1]: Entering directory '/home/msi/yxh/RVO2-main/CMakeFiles/CMakeTmp'
Building CXX object CMakeFiles/cmTC_986f8.dir/src.cxx.o
/usr/bin/c++    -Wall -Wformat-security -Werror=format-security -Wno-unused -DCOMPILER_HAS_HIDDEN_VISIBILITY -fPIE   -fvisibility=hidden -std=c++98 -o CMakeFiles/cmTC_986f8.dir/src.cxx.o -c /home/msi/yxh/RVO2-main/CMakeFiles/CMakeTmp/src.cxx
Linking CXX executable cmTC_986f8
/usr/bin/cmake -E cmake_link_script CMakeFiles/cmTC_986f8.dir/link.txt --verbose=1
/usr/bin/c++   -Wall -Wformat-security -Werror=format-security -Wno-unused -DCOMPILER_HAS_HIDDEN_VISIBILITY   -Wl,--as-needed  CMakeFiles/cmTC_986f8.dir/src.cxx.o  -o cmTC_986f8 
make[1]: Leaving directory '/home/msi/yxh/RVO2-main/CMakeFiles/CMakeTmp'

Source file was:
int main() { return 0; }
Performing C++ SOURCE FILE Test COMPILER_HAS_HIDDEN_INLINE_VISIBILITY succeeded with the following output:
Change Dir: /home/msi/yxh/RVO2-main/CMakeFiles/CMakeTmp

Run Build Command:"/usr/bin/make" "cmTC_ecf9c/fast"
/usr/bin/make -f CMakeFiles/cmTC_ecf9c.dir/build.make CMakeFiles/cmTC_ecf9c.dir/build
make[1]: Entering directory '/home/msi/yxh/RVO2-main/CMakeFiles/CMakeTmp'
Building CXX object CMakeFiles/cmTC_ecf9c.dir/src.cxx.o
/usr/bin/c++    -Wall -Wformat-security -Werror=format-security -Wno-unused -DCOMPILER_HAS_HIDDEN_INLINE_VISIBILITY -fPIE   -fvisibility-inlines-hidden -std=c++98 -o CMakeFiles/cmTC_ecf9c.dir/src.cxx.o -c /home/msi/yxh/RVO2-main/CMakeFiles/CMakeTmp/src.cxx
Linking CXX executable cmTC_ecf9c
/usr/bin/cmake -E cmake_link_script CMakeFiles/cmTC_ecf9c.dir/link.txt --verbose=1
/usr/bin/c++   -Wall -Wformat-security -Werror=format-security -Wno-unused -DCOMPILER_HAS_HIDDEN_INLINE_VISIBILITY   -Wl,--as-needed  CMakeFiles/cmTC_ecf9c.dir/src.cxx.o  -o cmTC_ecf9c 
make[1]: Leaving directory '/home/msi/yxh/RVO2-main/CMakeFiles/CMakeTmp'

Source file was:
int main() { return 0; }
Performing C++ SOURCE FILE Test COMPILER_HAS_DEPRECATED_ATTR succeeded with the following output:
Change Dir: /home/msi/yxh/RVO2-main/CMakeFiles/CMakeTmp

Run Build Command:"/usr/bin/make" "cmTC_61997/fast"
/usr/bin/make -f CMakeFiles/cmTC_61997.dir/build.make CMakeFiles/cmTC_61997.dir/build
make[1]: Entering directory '/home/msi/yxh/RVO2-main/CMakeFiles/CMakeTmp'
Building CXX object CMakeFiles/cmTC_61997.dir/src.cxx.o
/usr/bin/c++    -Wall -Wformat-security -Werror=format-security -Wno-unused -DCOMPILER_HAS_DEPRECATED_ATTR -fPIE   -std=c++98 -o CMakeFiles/cmTC_61997.dir/src.cxx.o -c /home/msi/yxh/RVO2-main/CMakeFiles/CMakeTmp/src.cxx
/home/msi/yxh/RVO2-main/CMakeFiles/CMakeTmp/src.cxx: In function ‘int main()’:
/home/msi/yxh/RVO2-main/CMakeFiles/CMakeTmp/src.cxx:2:34: warning: ‘int somefunc()’ is deprecated [-Wdeprecated-declarations]
     int main() { return somefunc();}
                                  ^
/home/msi/yxh/RVO2-main/CMakeFiles/CMakeTmp/src.cxx:1:37: note: declared here
 __attribute__((__deprecated__)) int somefunc() { return 0; }
                                     ^~~~~~~~
Linking CXX executable cmTC_61997
/usr/bin/cmake -E cmake_link_script CMakeFiles/cmTC_61997.dir/link.txt --verbose=1
/usr/bin/c++   -Wall -Wformat-security -Werror=format-security -Wno-unused -DCOMPILER_HAS_DEPRECATED_ATTR   -Wl,--as-needed  CMakeFiles/cmTC_61997.dir/src.cxx.o  -o cmTC_61997 
make[1]: Leaving directory '/home/msi/yxh/RVO2-main/CMakeFiles/CMakeTmp'

Source file was:
__attribute__((__deprecated__)) int somefunc() { return 0; }
    int main() { return somefunc();}
Performing C++ SOURCE FILE Test COMPILER_SUPPORTS_CXX11 succeeded with the following output:
Change Dir: /home/msi/yxh/RVO2-main/CMakeFiles/CMakeTmp

Run Build Command:"/usr/bin/make" "cmTC_587e1/fast"
/usr/bin/make -f CMakeFiles/cmTC_587e1.dir/build.make CMakeFiles/cmTC_587e1.dir/build
make[1]: Entering directory '/home/msi/yxh/RVO2-main/CMakeFiles/CMakeTmp'
Building CXX object CMakeFiles/cmTC_587e1.dir/src.cxx.o
/usr/bin/c++    -Wall -Wformat-security -Werror=format-security -Wno-unused -DCOMPILER_SUPPORTS_CXX11 -fPIE   -std=c++11 -std=c++98 -o CMakeFiles/cmTC_587e1.dir/src.cxx.o -c /home/msi/yxh/RVO2-main/CMakeFiles/CMakeTmp/src.cxx
Linking CXX executable cmTC_587e1
/usr/bin/cmake -E cmake_link_script CMakeFiles/cmTC_587e1.dir/link.txt --verbose=1
/usr/bin/c++   -Wall -Wformat-security -Werror=format-security -Wno-unused -DCOMPILER_SUPPORTS_CXX11   -Wl,--as-needed  CMakeFiles/cmTC_587e1.dir/src.cxx.o  -o cmTC_587e1 
make[1]: Leaving directory '/home/msi/yxh/RVO2-main/CMakeFiles/CMakeTmp'

Source file was:
int main() { return 0; }
Performing C++ SOURCE FILE Test COMPILER_SUPPORTS_CXX0X succeeded with the following output:
Change Dir: /home/msi/yxh/RVO2-main/CMakeFiles/CMakeTmp

Run Build Command:"/usr/bin/make" "cmTC_cc135/fast"
/usr/bin/make -f CMakeFiles/cmTC_cc135.dir/build.make CMakeFiles/cmTC_cc135.dir/build
make[1]: Entering directory '/home/msi/yxh/RVO2-main/CMakeFiles/CMakeTmp'
Building CXX object CMakeFiles/cmTC_cc135.dir/src.cxx.o
/usr/bin/c++    -Wall -Wformat-security -Werror=format-security -Wno-unused -DCOMPILER_SUPPORTS_CXX0X -fPIE   -std=c++0x -std=c++98 -o CMakeFiles/cmTC_cc135.dir/src.cxx.o -c /home/msi/yxh/RVO2-main/CMakeFiles/CMakeTmp/src.cxx
Linking CXX executable cmTC_cc135
/usr/bin/cmake -E cmake_link_script CMakeFiles/cmTC_cc135.dir/link.txt --verbose=1
/usr/bin/c++   -Wall -Wformat-security -Werror=format-security -Wno-unused -DCOMPILER_SUPPORTS_CXX0X   -Wl,--as-needed  CMakeFiles/cmTC_cc135.dir/src.cxx.o  -o cmTC_cc135 
make[1]: Leaving directory '/home/msi/yxh/RVO2-main/CMakeFiles/CMakeTmp'

Source file was:
int main() { return 0; }
The system is: Linux - 5.4.0-84-generic - x86_64
Compiling the CXX compiler identification source file "CMakeCXXCompilerId.cpp" succeeded.
Compiler: /usr/bin/c++ 
Build flags: 
Id flags:  

The output was:
0


Compilation of the CXX compiler identification source "CMakeCXXCompilerId.cpp" produced "a.out"

The CXX compiler identification is GNU, found in "/home/yxhan/yxh/kernel-based-navigation-master/RVO2-main/CMakeFiles/3.10.2/CompilerIdCXX/a.out"

Determining if the CXX compiler works passed with the following output:
Change Dir: /home/yxhan/yxh/kernel-based-navigation-master/RVO2-main/CMakeFiles/CMakeTmp

Run Build Command:"/usr/bin/make" "cmTC_0a7c7/fast"
/usr/bin/make -f CMakeFiles/cmTC_0a7c7.dir/build.make CMakeFiles/cmTC_0a7c7.dir/build
make[1]: Entering directory '/home/yxhan/yxh/kernel-based-navigation-master/RVO2-main/CMakeFiles/CMakeTmp'
Building CXX object CMakeFiles/cmTC_0a7c7.dir/testCXXCompiler.cxx.o
/usr/bin/c++     -o CMakeFiles/cmTC_0a7c7.dir/testCXXCompiler.cxx.o -c /home/yxhan/yxh/kernel-based-navigation-master/RVO2-main/CMakeFiles/CMakeTmp/testCXXCompiler.cxx
Linking CXX executable cmTC_0a7c7
/usr/bin/cmake -E cmake_link_script CMakeFiles/cmTC_0a7c7.dir/link.txt --verbose=1
/usr/bin/c++       CMakeFiles/cmTC_0a7c7.dir/testCXXCompiler.cxx.o  -o cmTC_0a7c7 
make[1]: Leaving directory '/home/yxhan/yxh/kernel-based-navigation-master/RVO2-main/CMakeFiles/CMakeTmp'


Detecting CXX compiler ABI info compiled with the following output:
Change Dir: /home/yxhan/yxh/kernel-based-navigation-master/RVO2-main/CMakeFiles/CMakeTmp

Run Build Command:"/usr/bin/make" "cmTC_f69ab/fast"
/usr/bin/make -f CMakeFiles/cmTC_f69ab.dir/build.make CMakeFiles/cmTC_f69ab.dir/build
make[1]: Entering directory '/home/yxhan/yxh/kernel-based-navigation-master/RVO2-main/CMakeFiles/CMakeTmp'
Building CXX object CMakeFiles/cmTC_f69ab.dir/CMakeCXXCompilerABI.cpp.o
/usr/bin/c++     -o CMakeFiles/cmTC_f69ab.dir/CMakeCXXCompilerABI.cpp.o -c /usr/share/cmake-3.10/Modules/CMakeCXXCompilerABI.cpp
Linking CXX executable cmTC_f69ab
/usr/bin/cmake -E cmake_link_script CMakeFiles/cmTC_f69ab.dir/link.txt --verbose=1
/usr/bin/c++      -v CMakeFiles/cmTC_f69ab.dir/CMakeCXXCompilerABI.cpp.o  -o cmTC_f69ab 
Using built-in specs.
COLLECT_GCC=/usr/bin/c++
COLLECT_LTO_WRAPPER=/usr/lib/gcc/x86_64-linux-gnu/7/lto-wrapper
OFFLOAD_TARGET_NAMES=nvptx-none
OFFLOAD_TARGET_DEFAULT=1
Target: x86_64-linux-gnu
Configured with: ../src/configure -v --with-pkgversion='Ubuntu 7.5.0-3ubuntu1~18.04' --with-bugurl=file:///usr/share/doc/gcc-7/README.Bugs --enable-languages=c,ada,c++,go,brig,d,fortran,objc,obj-c++ --prefix=/usr --with-gcc-major-version-only --program-suffix=-7 --program-prefix=x86_64-linux-gnu- --enable-shared --enable-linker-build-id --libexecdir=/usr/lib --without-included-gettext --enable-threads=posix --libdir=/usr/lib --enable-nls --enable-bootstrap --enable-clocale=gnu --enable-libstdcxx-debug --enable-libstdcxx-time=yes --with-default-libstdcxx-abi=new --enable-gnu-unique-object --disable-vtable-verify --enable-libmpx --enable-plugin --enable-default-pie --with-system-zlib --with-target-system-zlib --enable-objc-gc=auto --enable-multiarch --disable-werror --with-arch-32=i686 --with-abi=m64 --with-multilib-list=m32,m64,mx32 --enable-multilib --with-tune=generic --enable-offload-targets=nvptx-none --without-cuda-driver --enable-checking=release --build=x86_64-linux-gnu --host=x86_64-linux-gnu --target=x86_64-linux-gnu
Thread model: posix
gcc version 7.5.0 (Ubuntu 7.5.0-3ubuntu1~18.04) 
COMPILER_PATH=/usr/lib/gcc/x86_64-linux-gnu/7/:/usr/lib/gcc/x86_64-linux-gnu/7/:/usr/lib/gcc/x86_64-linux-gnu/:/usr/lib/gcc/x86_64-linux-gnu/7/:/usr/lib/gcc/x86_64-linux-gnu/
LIBRARY_PATH=/usr/lib/gcc/x86_64-linux-gnu/7/:/usr/lib/gcc/x86_64-linux-gnu/7/../../../x86_64-linux-gnu/:/usr/lib/gcc/x86_64-linux-gnu/7/../../../../lib/:/lib/x86_64-linux-gnu/:/lib/../lib/:/usr/lib/x86_64-linux-gnu/:/usr/lib/../lib/:/usr/lib/gcc/x86_64-linux-gnu/7/../../../:/lib/:/usr/lib/
COLLECT_GCC_OPTIONS='-v' '-o' 'cmTC_f69ab' '-shared-libgcc' '-mtune=generic' '-march=x86-64'
 /usr/lib/gcc/x86_64-linux-gnu/7/collect2 -plugin /usr/lib/gcc/x86_64-linux-gnu/7/liblto_plugin.so -plugin-opt=/usr/lib/gcc/x86_64-linux-gnu/7/lto-wrapper -plugin-opt=-fresolution=/tmp/ccmUXJcn.res -plugin-opt=-pass-through=-lgcc_s -plugin-opt=-pass-through=-lgcc -plugin-opt=-pass-through=-lc -plugin-opt=-pass-through=-lgcc_s -plugin-opt=-pass-through=-lgcc --build-id --eh-frame-hdr -m elf_x86_64 --hash-style=gnu --as-needed -dynamic-linker /lib64/ld-linux-x86-64.so.2 -pie -z now -z relro -o cmTC_f69ab /usr/lib/gcc/x86_64-linux-gnu/7/../../../x86_64-linux-gnu/Scrt1.o /usr/lib/gcc/x86_64-linux-gnu/7/../../../x86_64-linux-gnu/crti.o /usr/lib/gcc/x86_64-linux-gnu/7/crtbeginS.o -L/usr/lib/gcc/x86_64-linux-gnu/7 -L/usr/lib/gcc/x86_64-linux-gnu/7/../../../x86_64-linux-gnu -L/usr/lib/gcc/x86_64-linux-gnu/7/../../../../lib -L/lib/x86_64-linux-gnu -L/lib/../lib -L/usr/lib/x86_64-linux-gnu -L/usr/lib/../lib -L/usr/lib/gcc/x86_64-linux-gnu/7/../../.. CMakeFiles/cmTC_f69ab.dir/CMakeCXXCompilerABI.cpp.o -lstdc++ -lm -lgcc_s -lgcc -lc -lgcc_s -lgcc /usr/lib/gcc/x86_64-linux-gnu/7/crtendS.o /usr/lib/gcc/x86_64-linux-gnu/7/../../../x86_64-linux-gnu/crtn.o
COLLECT_GCC_OPTIONS='-v' '-o' 'cmTC_f69ab' '-shared-libgcc' '-mtune=generic' '-march=x86-64'
make[1]: Leaving directory '/home/yxhan/yxh/kernel-based-navigation-master/RVO2-main/CMakeFiles/CMakeTmp'


Parsed CXX implicit link information from above output:
  link line regex: [^( *|.*[/\])(ld|CMAKE_LINK_STARTFILE-NOTFOUND|([^/\]+-)?ld|collect2)[^/\]*( |$)]
  ignore line: [Change Dir: /home/yxhan/yxh/kernel-based-navigation-master/RVO2-main/CMakeFiles/CMakeTmp]
  ignore line: []
  ignore line: [Run Build Command:"/usr/bin/make" "cmTC_f69ab/fast"]
  ignore line: [/usr/bin/make -f CMakeFiles/cmTC_f69ab.dir/build.make CMakeFiles/cmTC_f69ab.dir/build]
  ignore line: [make[1]: Entering directory '/home/yxhan/yxh/kernel-based-navigation-master/RVO2-main/CMakeFiles/CMakeTmp']
  ignore line: [Building CXX object CMakeFiles/cmTC_f69ab.dir/CMakeCXXCompilerABI.cpp.o]
  ignore line: [/usr/bin/c++     -o CMakeFiles/cmTC_f69ab.dir/CMakeCXXCompilerABI.cpp.o -c /usr/share/cmake-3.10/Modules/CMakeCXXCompilerABI.cpp]
  ignore line: [Linking CXX executable cmTC_f69ab]
  ignore line: [/usr/bin/cmake -E cmake_link_script CMakeFiles/cmTC_f69ab.dir/link.txt --verbose=1]
  ignore line: [/usr/bin/c++      -v CMakeFiles/cmTC_f69ab.dir/CMakeCXXCompilerABI.cpp.o  -o cmTC_f69ab ]
  ignore line: [Using built-in specs.]
  ignore line: [COLLECT_GCC=/usr/bin/c++]
  ignore line: [COLLECT_LTO_WRAPPER=/usr/lib/gcc/x86_64-linux-gnu/7/lto-wrapper]
  ignore line: [OFFLOAD_TARGET_NAMES=nvptx-none]
  ignore line: [OFFLOAD_TARGET_DEFAULT=1]
  ignore line: [Target: x86_64-linux-gnu]
  ignore line: [Configured with: ../src/configure -v --with-pkgversion='Ubuntu 7.5.0-3ubuntu1~18.04' --with-bugurl=file:///usr/share/doc/gcc-7/README.Bugs --enable-languages=c,ada,c++,go,brig,d,fortran,objc,obj-c++ --prefix=/usr --with-gcc-major-version-only --program-suffix=-7 --program-prefix=x86_64-linux-gnu- --enable-shared --enable-linker-build-id --libexecdir=/usr/lib --without-included-gettext --enable-threads=posix --libdir=/usr/lib --enable-nls --enable-bootstrap --enable-clocale=gnu --enable-libstdcxx-debug --enable-libstdcxx-time=yes --with-default-libstdcxx-abi=new --enable-gnu-unique-object --disable-vtable-verify --enable-libmpx --enable-plugin --enable-default-pie --with-system-zlib --with-target-system-zlib --enable-objc-gc=auto --enable-multiarch --disable-werror --with-arch-32=i686 --with-abi=m64 --with-multilib-list=m32,m64,mx32 --enable-multilib --with-tune=generic --enable-offload-targets=nvptx-none --without-cuda-driver --enable-checking=release --build=x86_64-linux-gnu --host=x86_64-linux-gnu --target=x86_64-linux-gnu]
  ignore line: [Thread model: posix]
  ignore line: [gcc version 7.5.0 (Ubuntu 7.5.0-3ubuntu1~18.04) ]
  ignore line: [COMPILER_PATH=/usr/lib/gcc/x86_64-linux-gnu/7/:/usr/lib/gcc/x86_64-linux-gnu/7/:/usr/lib/gcc/x86_64-linux-gnu/:/usr/lib/gcc/x86_64-linux-gnu/7/:/usr/lib/gcc/x86_64-linux-gnu/]
  ignore line: [LIBRARY_PATH=/usr/lib/gcc/x86_64-linux-gnu/7/:/usr/lib/gcc/x86_64-linux-gnu/7/../../../x86_64-linux-gnu/:/usr/lib/gcc/x86_64-linux-gnu/7/../../../../lib/:/lib/x86_64-linux-gnu/:/lib/../lib/:/usr/lib/x86_64-linux-gnu/:/usr/lib/../lib/:/usr/lib/gcc/x86_64-linux-gnu/7/../../../:/lib/:/usr/lib/]
  ignore line: [COLLECT_GCC_OPTIONS='-v' '-o' 'cmTC_f69ab' '-shared-libgcc' '-mtune=generic' '-march=x86-64']
  link line: [ /usr/lib/gcc/x86_64-linux-gnu/7/collect2 -plugin /usr/lib/gcc/x86_64-linux-gnu/7/liblto_plugin.so -plugin-opt=/usr/lib/gcc/x86_64-linux-gnu/7/lto-wrapper -plugin-opt=-fresolution=/tmp/ccmUXJcn.res -plugin-opt=-pass-through=-lgcc_s -plugin-opt=-pass-through=-lgcc -plugin-opt=-pass-through=-lc -plugin-opt=-pass-through=-lgcc_s -plugin-opt=-pass-through=-lgcc --build-id --eh-frame-hdr -m elf_x86_64 --hash-style=gnu --as-needed -dynamic-linker /lib64/ld-linux-x86-64.so.2 -pie -z now -z relro -o cmTC_f69ab /usr/lib/gcc/x86_64-linux-gnu/7/../../../x86_64-linux-gnu/Scrt1.o /usr/lib/gcc/x86_64-linux-gnu/7/../../../x86_64-linux-gnu/crti.o /usr/lib/gcc/x86_64-linux-gnu/7/crtbeginS.o -L/usr/lib/gcc/x86_64-linux-gnu/7 -L/usr/lib/gcc/x86_64-linux-gnu/7/../../../x86_64-linux-gnu -L/usr/lib/gcc/x86_64-linux-gnu/7/../../../../lib -L/lib/x86_64-linux-gnu -L/lib/../lib -L/usr/lib/x86_64-linux-gnu -L/usr/lib/../lib -L/usr/lib/gcc/x86_64-linux-gnu/7/../../.. CMakeFiles/cmTC_f69ab.dir/CMakeCXXCompilerABI.cpp.o -lstdc++ -lm -lgcc_s -lgcc -lc -lgcc_s -lgcc /usr/lib/gcc/x86_64-linux-gnu/7/crtendS.o /usr/lib/gcc/x86_64-linux-gnu/7/../../../x86_64-linux-gnu/crtn.o]
    arg [/usr/lib/gcc/x86_64-linux-gnu/7/collect2] ==> ignore
    arg [-plugin] ==> ignore
    arg [/usr/lib/gcc/x86_64-linux-gnu/7/liblto_plugin.so] ==> ignore
    arg [-plugin-opt=/usr/lib/gcc/x86_64-linux-gnu/7/lto-wrapper] ==> ignore
    arg [-plugin-opt=-fresolution=/tmp/ccmUXJcn.res] ==> ignore
    arg [-plugin-opt=-pass-through=-lgcc_s] ==> ignore
    arg [-plugin-opt=-pass-through=-lgcc] ==> ignore
    arg [-plugin-opt=-pass-through=-lc] ==> ignore
    arg [-plugin-opt=-pass-through=-lgcc_s] ==> ignore
    arg [-plugin-opt=-pass-through=-lgcc] ==> ignore
    arg [--build-id] ==> ignore
    arg [--eh-frame-hdr] ==> ignore
    arg [-m] ==> ignore
    arg [elf_x86_64] ==> ignore
    arg [--hash-style=gnu] ==> ignore
    arg [--as-needed] ==> ignore
    arg [-dynamic-linker] ==> ignore
    arg [/lib64/ld-linux-x86-64.so.2] ==> ignore
    arg [-pie] ==> ignore
    arg [-znow] ==> ignore
    arg [-zrelro] ==> ignore
    arg [-o] ==> ignore
    arg [cmTC_f69ab] ==> ignore
    arg [/usr/lib/gcc/x86_64-linux-gnu/7/../../../x86_64-linux-gnu/Scrt1.o] ==> ignore
    arg [/usr/lib/gcc/x86_64-linux-gnu/7/../../../x86_64-linux-gnu/crti.o] ==> ignore
    arg [/usr/lib/gcc/x86_64-linux-gnu/7/crtbeginS.o] ==> ignore
    arg [-L/usr/lib/gcc/x86_64-linux-gnu/7] ==> dir [/usr/lib/gcc/x86_64-linux-gnu/7]
    arg [-L/usr/lib/gcc/x86_64-linux-gnu/7/../../../x86_64-linux-gnu] ==> dir [/usr/lib/gcc/x86_64-linux-gnu/7/../../../x86_64-linux-gnu]
    arg [-L/usr/lib/gcc/x86_64-linux-gnu/7/../../../../lib] ==> dir [/usr/lib/gcc/x86_64-linux-gnu/7/../../../../lib]
    arg [-L/lib/x86_64-linux-gnu] ==> dir [/lib/x86_64-linux-gnu]
    arg [-L/lib/../lib] ==> dir [/lib/../lib]
    arg [-L/usr/lib/x86_64-linux-gnu] ==> dir [/usr/lib/x86_64-linux-gnu]
    arg [-L/usr/lib/../lib] ==> dir [/usr/lib/../lib]
    arg [-L/usr/lib/gcc/x86_64-linux-gnu/7/../../..] ==> dir [/usr/lib/gcc/x86_64-linux-gnu/7/../../..]
    arg [CMakeFiles/cmTC_f69ab.dir/CMakeCXXCompilerABI.cpp.o] ==> ignore
    arg [-lstdc++] ==> lib [stdc++]
    arg [-lm] ==> lib [m]
    arg [-lgcc_s] ==> lib [gcc_s]
    arg [-lgcc] ==> lib [gcc]
    arg [-lc] ==> lib [c]
    arg [-lgcc_s] ==> lib [gcc_s]
    arg [-lgcc] ==> lib [gcc]
    arg [/usr/lib/gcc/x86_64-linux-gnu/7/crtendS.o] ==> ignore
    arg [/usr/lib/gcc/x86_64-linux-gnu/7/../../../x86_64-linux-gnu/crtn.o] ==> ignore
  collapse library dir [/usr/lib/gcc/x86_64-linux-gnu/7] ==> [/usr/lib/gcc/x86_64-linux-gnu/7]
  collapse library dir [/usr/lib/gcc/x86_64-linux-gnu/7/../../../x86_64-linux-gnu] ==> [/usr/lib/x86_64-linux-gnu]
  collapse library dir [/usr/lib/gcc/x86_64-linux-gnu/7/../../../../lib] ==> [/usr/lib]
  collapse library dir [/lib/x86_64-linux-gnu] ==> [/lib/x86_64-linux-gnu]
  collapse library dir [/lib/../lib] ==> [/lib]
  collapse library dir [/usr/lib/x86_64-linux-gnu] ==> [/usr/lib/x86_64-linux-gnu]
  collapse library dir [/usr/lib/../lib] ==> [/usr/lib]
  collapse library dir [/usr/lib/gcc/x86_64-linux-gnu/7/../../..] ==> [/usr/lib]
  implicit libs: [stdc++;m;gcc_s;gcc;c;gcc_s;gcc]
  implicit dirs: [/usr/lib/gcc/x86_64-linux-gnu/7;/usr/lib/x86_64-linux-gnu;/usr/lib;/lib/x86_64-linux-gnu;/lib]
  implicit fwks: []




Detecting CXX [-std=c++1z] compiler features compiled with the following output:
Change Dir: /home/yxhan/yxh/kernel-based-navigation-master/RVO2-main/CMakeFiles/CMakeTmp

Run Build Command:"/usr/bin/make" "cmTC_32d9a/fast"
/usr/bin/make -f CMakeFiles/cmTC_32d9a.dir/build.make CMakeFiles/cmTC_32d9a.dir/build
make[1]: Entering directory '/home/yxhan/yxh/kernel-based-navigation-master/RVO2-main/CMakeFiles/CMakeTmp'
Building CXX object CMakeFiles/cmTC_32d9a.dir/feature_tests.cxx.o
/usr/bin/c++    -std=c++1z -o CMakeFiles/cmTC_32d9a.dir/feature_tests.cxx.o -c /home/yxhan/yxh/kernel-based-navigation-master/RVO2-main/CMakeFiles/feature_tests.cxx
Linking CXX executable cmTC_32d9a
/usr/bin/cmake -E cmake_link_script CMakeFiles/cmTC_32d9a.dir/link.txt --verbose=1
/usr/bin/c++       CMakeFiles/cmTC_32d9a.dir/feature_tests.cxx.o  -o cmTC_32d9a 
make[1]: Leaving directory '/home/yxhan/yxh/kernel-based-navigation-master/RVO2-main/CMakeFiles/CMakeTmp'


    Feature record: CXX_FEATURE:1cxx_aggregate_default_initializers
    Feature record: CXX_FEATURE:1cxx_alias_templates
    Feature record: CXX_FEATURE:1cxx_alignas
    Feature record: CXX_FEATURE:1cxx_alignof
    Feature record: CXX_FEATURE:1cxx_attributes
    Feature record: CXX_FEATURE:1cxx_attribute_deprecated
    Feature record: CXX_FEATURE:1cxx_auto_type
    Feature record: CXX_FEATURE:1cxx_binary_literals
    Feature record: CXX_FEATURE:1cxx_constexpr
    Feature record: CXX_FEATURE:1cxx_contextual_conversions
    Feature record: CXX_FEATURE:1cxx_decltype
    Feature record: CXX_FEATURE:1cxx_decltype_auto
    Feature record: CXX_FEATURE:1cxx_decltype_incomplete_return_types
    Feature record: CXX_FEATURE:1cxx_default_function_template_args
    Feature record: CXX_FEATURE:1cxx_defaulted_functions
    Feature record: CXX_FEATURE:1cxx_defaulted_move_initializers
    Feature record: CXX_FEATURE:1cxx_delegating_constructors
    Feature record: CXX_FEATURE:1cxx_deleted_functions
    Feature record: CXX_FEATURE:1cxx_digit_separators
    Feature record: CXX_FEATURE:1cxx_enum_forward_declarations
    Feature record: CXX_FEATURE:1cxx_explicit_conversions
    Feature record: CXX_FEATURE:1cxx_extended_friend_declarations
    Feature record: CXX_FEATURE:1cxx_extern_templates
    Feature record: CXX_FEATURE:1cxx_final
    Feature record: CXX_FEATURE:1cxx_func_identifier
    Feature record: CXX_FEATURE:1cxx_generalized_initializers
    Feature record: CXX_FEATURE:1cxx_generic_lambdas
    Feature record: CXX_FEATURE:1cxx_inheriting_constructors
    Feature record: CXX_FEATURE:1cxx_inline_namespaces
    Feature record: CXX_FEATURE:1cxx_lambdas
    Feature record: CXX_FEATURE:1cxx_lambda_init_captures
    Feature record: CXX_FEATURE:1cxx_local_type_template_args
    Feature record: CXX_FEATURE:1cxx_long_long_type
    Feature record: CXX_FEATURE:1cxx_noexcept
    Feature record: CXX_FEATURE:1cxx_nonstatic_member_init
    Feature record: CXX_FEATURE:1cxx_nullptr
    Feature record: CXX_FEATURE:1cxx_override
    Feature record: CXX_FEATURE:1cxx_range_for
    Feature record: CXX_FEATURE:1cxx_raw_string_literals
    Feature record: CXX_FEATURE:1cxx_reference_qualified_functions
    Feature record: CXX_FEATURE:1cxx_relaxed_constexpr
    Feature record: CXX_FEATURE:1cxx_return_type_deduction
    Feature record: CXX_FEATURE:1cxx_right_angle_brackets
    Feature record: CXX_FEATURE:1cxx_rvalue_references
    Feature record: CXX_FEATURE:1cxx_sizeof_member
    Feature record: CXX_FEATURE:1cxx_static_assert
    Feature record: CXX_FEATURE:1cxx_strong_enums
    Feature record: CXX_FEATURE:1cxx_template_template_parameters
    Feature record: CXX_FEATURE:1cxx_thread_local
    Feature record: CXX_FEATURE:1cxx_trailing_return_types
    Feature record: CXX_FEATURE:1cxx_unicode_literals
    Feature record: CXX_FEATURE:1cxx_uniform_initialization
    Feature record: CXX_FEATURE:1cxx_unrestricted_unions
    Feature record: CXX_FEATURE:1cxx_user_literals
    Feature record: CXX_FEATURE:1cxx_variable_templates
    Feature record: CXX_FEATURE:1cxx_variadic_macros
    Feature record: CXX_FEATURE:1cxx_variadic_templates


Detecting CXX [-std=c++14] compiler features compiled with the following output:
Change Dir: /home/yxhan/yxh/kernel-based-navigation-master/RVO2-main/CMakeFiles/CMakeTmp

Run Build Command:"/usr/bin/make" "cmTC_9dec5/fast"
/usr/bin/make -f CMakeFiles/cmTC_9dec5.dir/build.make CMakeFiles/cmTC_9dec5.dir/build
make[1]: Entering directory '/home/yxhan/yxh/kernel-based-navigation-master/RVO2-main/CMakeFiles/CMakeTmp'
Building CXX object CMakeFiles/cmTC_9dec5.dir/feature_tests.cxx.o
/usr/bin/c++    -std=c++14 -o CMakeFiles/cmTC_9dec5.dir/feature_tests.cxx.o -c /home/yxhan/yxh/kernel-based-navigation-master/RVO2-main/CMakeFiles/feature_tests.cxx
Linking CXX executable cmTC_9dec5
/usr/bin/cmake -E cmake_link_script CMakeFiles/cmTC_9dec5.dir/link.txt --verbose=1
/usr/bin/c++       CMakeFiles/cmTC_9dec5.dir/feature_tests.cxx.o  -o cmTC_9dec5 
make[1]: Leaving directory '/home/yxhan/yxh/kernel-based-navigation-master/RVO2-main/CMakeFiles/CMakeTmp'


    Feature record: CXX_FEATURE:1cxx_aggregate_default_initializers
    Feature record: CXX_FEATURE:1cxx_alias_templates
    Feature record: CXX_FEATURE:1cxx_alignas
    Feature record: CXX_FEATURE:1cxx_alignof
    Feature record: CXX_FEATURE:1cxx_attributes
    Feature record: CXX_FEATURE:1cxx_attribute_deprecated
    Feature record: CXX_FEATURE:1cxx_auto_type
    Feature record: CXX_FEATURE:1cxx_binary_literals
    Feature record: CXX_FEATURE:1cxx_constexpr
    Feature record: CXX_FEATURE:1cxx_contextual_conversions
    Feature record: CXX_FEATURE:1cxx_decltype
    Feature record: CXX_FEATURE:1cxx_decltype_auto
    Feature record: CXX_FEATURE:1cxx_decltype_incomplete_return_types
    Feature record: CXX_FEATURE:1cxx_default_function_template_args
    Feature record: CXX_FEATURE:1cxx_defaulted_functions
    Feature record: CXX_FEATURE:1cxx_defaulted_move_initializers
    Feature record: CXX_FEATURE:1cxx_delegating_constructors
    Feature record: CXX_FEATURE:1cxx_deleted_functions
    Feature record: CXX_FEATURE:1cxx_digit_separators
    Feature record: CXX_FEATURE:1cxx_enum_forward_declarations
    Feature record: CXX_FEATURE:1cxx_explicit_conversions
    Feature record: CXX_FEATURE:1cxx_extended_friend_declarations
    Feature record: CXX_FEATURE:1cxx_extern_templates
    Feature record: CXX_FEATURE:1cxx_final
    Feature record: CXX_FEATURE:1cxx_func_identifier
    Feature record: CXX_FEATURE:1cxx_generalized_initializers
    Feature record: CXX_FEATURE:1cxx_generic_lambdas
    Feature record: CXX_FEATURE:1cxx_inheriting_constructors
    Feature record: CXX_FEATURE:1cxx_inline_namespaces
    Feature record: CXX_FEATURE:1cxx_lambdas
    Feature record: CXX_FEATURE:1cxx_lambda_init_captures
    Feature record: CXX_FEATURE:1cxx_local_type_template_args
    Feature record: CXX_FEATURE:1cxx_long_long_type
    Feature record: CXX_FEATURE:1cxx_noexcept
    Feature record: CXX_FEATURE:1cxx_nonstatic_member_init
    Feature record: CXX_FEATURE:1cxx_nullptr
    Feature record: CXX_FEATURE:1cxx_override
    Feature record: CXX_FEATURE:1cxx_range_for
    Feature record: CXX_FEATURE:1cxx_raw_string_literals
    Feature record: CXX_FEATURE:1cxx_reference_qualified_functions
    Feature record: CXX_FEATURE:1cxx_relaxed_constexpr
    Feature record: CXX_FEATURE:1cxx_return_type_deduction
    Feature record: CXX_FEATURE:1cxx_right_angle_brackets
    Feature record: CXX_FEATURE:1cxx_rvalue_references
    Feature record: CXX_FEATURE:1cxx_sizeof_member
    Feature record: CXX_FEATURE:1cxx_static_assert
    Feature record: CXX_FEATURE:1cxx_strong_enums
    Feature record: CXX_FEATURE:1cxx_template_template_parameters
    Feature record: CXX_FEATURE:1cxx_thread_local
    Feature record: CXX_FEATURE:1cxx_trailing_return_types
    Feature record: CXX_FEATURE:1cxx_unicode_literals
    Feature record: CXX_FEATURE:1cxx_uniform_initialization
    Feature record: CXX_FEATURE:1cxx_unrestricted_unions
    Feature record: CXX_FEATURE:1cxx_user_literals
    Feature record: CXX_FEATURE:1cxx_variable_templates
    Feature record: CXX_FEATURE:1cxx_variadic_macros
    Feature record: CXX_FEATURE:1cxx_variadic_templates


Detecting CXX [-std=c++11] compiler features compiled with the following output:
Change Dir: /home/yxhan/yxh/kernel-based-navigation-master/RVO2-main/CMakeFiles/CMakeTmp

Run Build Command:"/usr/bin/make" "cmTC_ff4c7/fast"
/usr/bin/make -f CMakeFiles/cmTC_ff4c7.dir/build.make CMakeFiles/cmTC_ff4c7.dir/build
make[1]: Entering directory '/home/yxhan/yxh/kernel-based-navigation-master/RVO2-main/CMakeFiles/CMakeTmp'
Building CXX object CMakeFiles/cmTC_ff4c7.dir/feature_tests.cxx.o
/usr/bin/c++    -std=c++11 -o CMakeFiles/cmTC_ff4c7.dir/feature_tests.cxx.o -c /home/yxhan/yxh/kernel-based-navigation-master/RVO2-main/CMakeFiles/feature_tests.cxx
Linking CXX executable cmTC_ff4c7
/usr/bin/cmake -E cmake_link_script CMakeFiles/cmTC_ff4c7.dir/link.txt --verbose=1
/usr/bin/c++       CMakeFiles/cmTC_ff4c7.dir/feature_tests.cxx.o  -o cmTC_ff4c7 
make[1]: Leaving directory '/home/yxhan/yxh/kernel-based-navigation-master/RVO2-main/CMakeFiles/CMakeTmp'


    Feature record: CXX_FEATURE:0cxx_aggregate_default_initializers
    Feature record: CXX_FEATURE:1cxx_alias_templates
    Feature record: CXX_FEATURE:1cxx_alignas
    Feature record: CXX_FEATURE:1cxx_alignof
    Feature record: CXX_FEATURE:1cxx_attributes
    Feature record: CXX_FEATURE:0cxx_attribute_deprecated
    Feature record: CXX_FEATURE:1cxx_auto_type
    Feature record: CXX_FEATURE:0cxx_binary_literals
    Feature record: CXX_FEATURE:1cxx_constexpr
    Feature record: CXX_FEATURE:0cxx_contextual_conversions
    Feature record: CXX_FEATURE:1cxx_decltype
    Feature record: CXX_FEATURE:0cxx_decltype_auto
    Feature record: CXX_FEATURE:1cxx_decltype_incomplete_return_types
    Feature record: CXX_FEATURE:1cxx_default_function_template_args
    Feature record: CXX_FEATURE:1cxx_defaulted_functions
    Feature record: CXX_FEATURE:1cxx_defaulted_move_initializers
    Feature record: CXX_FEATURE:1cxx_delegating_constructors
    Feature record: CXX_FEATURE:1cxx_deleted_functions
    Feature record: CXX_FEATURE:0cxx_digit_separators
    Feature record: CXX_FEATURE:1cxx_enum_forward_declarations
    Feature record: CXX_FEATURE:1cxx_explicit_conversions
    Feature record: CXX_FEATURE:1cxx_extended_friend_declarations
    Feature record: CXX_FEATURE:1cxx_extern_templates
    Feature record: CXX_FEATURE:1cxx_final
    Feature record: CXX_FEATURE:1cxx_func_identifier
    Feature record: CXX_FEATURE:1cxx_generalized_initializers
    Feature record: CXX_FEATURE:0cxx_generic_lambdas
    Feature record: CXX_FEATURE:1cxx_inheriting_constructors
    Feature record: CXX_FEATURE:1cxx_inline_namespaces
    Feature record: CXX_FEATURE:1cxx_lambdas
    Feature record: CXX_FEATURE:0cxx_lambda_init_captures
    Feature record: CXX_FEATURE:1cxx_local_type_template_args
    Feature record: CXX_FEATURE:1cxx_long_long_type
    Feature record: CXX_FEATURE:1cxx_noexcept
    Feature record: CXX_FEATURE:1cxx_nonstatic_member_init
    Feature record: CXX_FEATURE:1cxx_nullptr
    Feature record: CXX_FEATURE:1cxx_override
    Feature record: CXX_FEATURE:1cxx_range_for
    Feature record: CXX_FEATURE:1cxx_raw_string_literals
    Feature record: CXX_FEATURE:1cxx_reference_qualified_functions
    Feature record: CXX_FEATURE:0cxx_relaxed_constexpr
    Feature record: CXX_FEATURE:0cxx_return_type_deduction
    Feature record: CXX_FEATURE:1cxx_right_angle_brackets
    Feature record: CXX_FEATURE:1cxx_rvalue_references
    Feature record: CXX_FEATURE:1cxx_sizeof_member
    Feature record: CXX_FEATURE:1cxx_static_assert
    Feature record: CXX_FEATURE:1cxx_strong_enums
    Feature record: CXX_FEATURE:1cxx_template_template_parameters
    Feature record: CXX_FEATURE:1cxx_thread_local
    Feature record: CXX_FEATURE:1cxx_trailing_return_types
    Feature record: CXX_FEATURE:1cxx_unicode_literals
    Feature record: CXX_FEATURE:1cxx_uniform_initialization
    Feature record: CXX_FEATURE:1cxx_unrestricted_unions
    Feature record: CXX_FEATURE:1cxx_user_literals
    Feature record: CXX_FEATURE:0cxx_variable_templates
    Feature record: CXX_FEATURE:1cxx_variadic_macros
    Feature record: CXX_FEATURE:1cxx_variadic_templates


Detecting CXX [-std=c++98] compiler features compiled with the following output:
Change Dir: /home/yxhan/yxh/kernel-based-navigation-master/RVO2-main/CMakeFiles/CMakeTmp

Run Build Command:"/usr/bin/make" "cmTC_cf206/fast"
/usr/bin/make -f CMakeFiles/cmTC_cf206.dir/build.make CMakeFiles/cmTC_cf206.dir/build
make[1]: Entering directory '/home/yxhan/yxh/kernel-based-navigation-master/RVO2-main/CMakeFiles/CMakeTmp'
Building CXX object CMakeFiles/cmTC_cf206.dir/feature_tests.cxx.o
/usr/bin/c++    -std=c++98 -o CMakeFiles/cmTC_cf206.dir/feature_tests.cxx.o -c /home/yxhan/yxh/kernel-based-navigation-master/RVO2-main/CMakeFiles/feature_tests.cxx
Linking CXX executable cmTC_cf206
/usr/bin/cmake -E cmake_link_script CMakeFiles/cmTC_cf206.dir/link.txt --verbose=1
/usr/bin/c++       CMakeFiles/cmTC_cf206.dir/feature_tests.cxx.o  -o cmTC_cf206 
make[1]: Leaving directory '/home/yxhan/yxh/kernel-based-navigation-master/RVO2-main/CMakeFiles/CMakeTmp'


    Feature record: CXX_FEATURE:0cxx_aggregate_default_initializers
    Feature record: CXX_FEATURE:0cxx_alias_templates
    Feature record: CXX_FEATURE:0cxx_alignas
    Feature record: CXX_FEATURE:0cxx_alignof
    Feature record: CXX_FEATURE:0cxx_attributes
    Feature record: CXX_FEATURE:0cxx_attribute_deprecated
    Feature record: CXX_FEATURE:0cxx_auto_type
    Feature record: CXX_FEATURE:0cxx_binary_literals
    Feature record: CXX_FEATURE:0cxx_constexpr
    Feature record: CXX_FEATURE:0cxx_contextual_conversions
    Feature record: CXX_FEATURE:0cxx_decltype
    Feature record: CXX_FEATURE:0cxx_decltype_auto
    Feature record: CXX_FEATURE:0cxx_decltype_incomplete_return_types
    Feature record: CXX_FEATURE:0cxx_default_function_template_args
    Feature record: CXX_FEATURE:0cxx_defaulted_functions
    Feature record: CXX_FEATURE:0cxx_defaulted_move_initializers
    Feature record: CXX_FEATURE:0cxx_delegating_constructors
    Feature record: CXX_FEATURE:0cxx_deleted_functions
    Feature record: CXX_FEATURE:0cxx_digit_separators
    Feature record: CXX_FEATURE:0cxx_enum_forward_declarations
    Feature record: CXX_FEATURE:0cxx_explicit_conversions
    Feature record: CXX_FEATURE:0cxx_extended_friend_declarations
    Feature record: CXX_FEATURE:0cxx_extern_templates
    Feature record: CXX_FEATURE:0cxx_final
    Feature record: CXX_FEATURE:0cxx_func_identifier
    Feature record: CXX_FEATURE:0cxx_generalized_initializers
    Feature record: CXX_FEATURE:0cxx_generic_lambdas
    Feature record: CXX_FEATURE:0cxx_inheriting_constructors
    Feature record: CXX_FEATURE:0cxx_inline_namespaces
    Feature record: CXX_FEATURE:0cxx_lambdas
    Feature record: CXX_FEATURE:0cxx_lambda_init_captures
    Feature record: CXX_FEATURE:0cxx_local_type_template_args
    Feature record: CXX_FEATURE:0cxx_long_long_type
    Feature record: CXX_FEATURE:0cxx_noexcept
    Feature record: CXX_FEATURE:0cxx_nonstatic_member_init
    Feature record: CXX_FEATURE:0cxx_nullptr
    Feature record: CXX_FEATURE:0cxx_override
    Feature record: CXX_FEATURE:0cxx_range_for
    Feature record: CXX_FEATURE:0cxx_raw_string_literals
    Feature record: CXX_FEATURE:0cxx_reference_qualified_functions
    Feature record: CXX_FEATURE:0cxx_relaxed_constexpr
    Feature record: CXX_FEATURE:0cxx_return_type_deduction
    Feature record: CXX_FEATURE:0cxx_right_angle_brackets
    Feature record: CXX_FEATURE:0cxx_rvalue_references
    Feature record: CXX_FEATURE:0cxx_sizeof_member
    Feature record: CXX_FEATURE:0cxx_static_assert
    Feature record: CXX_FEATURE:0cxx_strong_enums
    Feature record: CXX_FEATURE:1cxx_template_template_parameters
    Feature record: CXX_FEATURE:0cxx_thread_local
    Feature record: CXX_FEATURE:0cxx_trailing_return_types
    Feature record: CXX_FEATURE:0cxx_unicode_literals
    Feature record: CXX_FEATURE:0cxx_uniform_initialization
    Feature record: CXX_FEATURE:0cxx_unrestricted_unions
    Feature record: CXX_FEATURE:0cxx_user_literals
    Feature record: CXX_FEATURE:0cxx_variable_templates
    Feature record: CXX_FEATURE:0cxx_variadic_macros
    Feature record: CXX_FEATURE:0cxx_variadic_templates
Performing C++ SOURCE FILE Test RVO_COMPILER_SUPPORTS_WALL succeeded with the following output:
Change Dir: /home/yxhan/yxh/kernel-based-navigation-master/RVO2-main/CMakeFiles/CMakeTmp

Run Build Command:"/usr/bin/make" "cmTC_9d2dd/fast"
/usr/bin/make -f CMakeFiles/cmTC_9d2dd.dir/build.make CMakeFiles/cmTC_9d2dd.dir/build
make[1]: Entering directory '/home/yxhan/yxh/kernel-based-navigation-master/RVO2-main/CMakeFiles/CMakeTmp'
Building CXX object CMakeFiles/cmTC_9d2dd.dir/src.cxx.o
/usr/bin/c++    -DRVO_COMPILER_SUPPORTS_WALL -fPIE   -Wall -std=c++11 -o CMakeFiles/cmTC_9d2dd.dir/src.cxx.o -c /home/yxhan/yxh/kernel-based-navigation-master/RVO2-main/CMakeFiles/CMakeTmp/src.cxx
Linking CXX executable cmTC_9d2dd
/usr/bin/cmake -E cmake_link_script CMakeFiles/cmTC_9d2dd.dir/link.txt --verbose=1
/usr/bin/c++   -DRVO_COMPILER_SUPPORTS_WALL    CMakeFiles/cmTC_9d2dd.dir/src.cxx.o  -o cmTC_9d2dd 
make[1]: Leaving directory '/home/yxhan/yxh/kernel-based-navigation-master/RVO2-main/CMakeFiles/CMakeTmp'

Source file was:
int main() { return 0; }
Performing C++ SOURCE FILE Test RVO_COMPILER_SUPPORTS_WFORMAT_SECURITY succeeded with the following output:
Change Dir: /home/yxhan/yxh/kernel-based-navigation-master/RVO2-main/CMakeFiles/CMakeTmp

Run Build Command:"/usr/bin/make" "cmTC_fe5b4/fast"
/usr/bin/make -f CMakeFiles/cmTC_fe5b4.dir/build.make CMakeFiles/cmTC_fe5b4.dir/build
make[1]: Entering directory '/home/yxhan/yxh/kernel-based-navigation-master/RVO2-main/CMakeFiles/CMakeTmp'
Building CXX object CMakeFiles/cmTC_fe5b4.dir/src.cxx.o
/usr/bin/c++    -DRVO_COMPILER_SUPPORTS_WFORMAT_SECURITY -fPIE   -Wformat-security -std=c++11 -o CMakeFiles/cmTC_fe5b4.dir/src.cxx.o -c /home/yxhan/yxh/kernel-based-navigation-master/RVO2-main/CMakeFiles/CMakeTmp/src.cxx
Linking CXX executable cmTC_fe5b4
/usr/bin/cmake -E cmake_link_script CMakeFiles/cmTC_fe5b4.dir/link.txt --verbose=1
/usr/bin/c++   -DRVO_COMPILER_SUPPORTS_WFORMAT_SECURITY    CMakeFiles/cmTC_fe5b4.dir/src.cxx.o  -o cmTC_fe5b4 
make[1]: Leaving directory '/home/yxhan/yxh/kernel-based-navigation-master/RVO2-main/CMakeFiles/CMakeTmp'

Source file was:
int main() { return 0; }
Performing C++ SOURCE FILE Test RVO_COMPILER_SUPPORTS_WERROR_FORMAT_SECURITY succeeded with the following output:
Change Dir: /home/yxhan/yxh/kernel-based-navigation-master/RVO2-main/CMakeFiles/CMakeTmp

Run Build Command:"/usr/bin/make" "cmTC_ffcdb/fast"
/usr/bin/make -f CMakeFiles/cmTC_ffcdb.dir/build.make CMakeFiles/cmTC_ffcdb.dir/build
make[1]: Entering directory '/home/yxhan/yxh/kernel-based-navigation-master/RVO2-main/CMakeFiles/CMakeTmp'
Building CXX object CMakeFiles/cmTC_ffcdb.dir/src.cxx.o
/usr/bin/c++    -DRVO_COMPILER_SUPPORTS_WERROR_FORMAT_SECURITY -fPIE   -Werror=format-security -std=c++11 -o CMakeFiles/cmTC_ffcdb.dir/src.cxx.o -c /home/yxhan/yxh/kernel-based-navigation-master/RVO2-main/CMakeFiles/CMakeTmp/src.cxx
Linking CXX executable cmTC_ffcdb
/usr/bin/cmake -E cmake_link_script CMakeFiles/cmTC_ffcdb.dir/link.txt --verbose=1
/usr/bin/c++   -DRVO_COMPILER_SUPPORTS_WERROR_FORMAT_SECURITY    CMakeFiles/cmTC_ffcdb.dir/src.cxx.o  -o cmTC_ffcdb 
make[1]: Leaving directory '/home/yxhan/yxh/kernel-based-navigation-master/RVO2-main/CMakeFiles/CMakeTmp'

Source file was:
int main() { return 0; }
Performing C++ SOURCE FILE Test RVO_COMPILER_SUPPORTS_WNO_UNUSED succeeded with the following output:
Change Dir: /home/yxhan/yxh/kernel-based-navigation-master/RVO2-main/CMakeFiles/CMakeTmp

Run Build Command:"/usr/bin/make" "cmTC_d8b95/fast"
/usr/bin/make -f CMakeFiles/cmTC_d8b95.dir/build.make CMakeFiles/cmTC_d8b95.dir/build
make[1]: Entering directory '/home/yxhan/yxh/kernel-based-navigation-master/RVO2-main/CMakeFiles/CMakeTmp'
Building CXX object CMakeFiles/cmTC_d8b95.dir/src.cxx.o
/usr/bin/c++    -DRVO_COMPILER_SUPPORTS_WNO_UNUSED -fPIE   -Wno-unused -std=c++11 -o CMakeFiles/cmTC_d8b95.dir/src.cxx.o -c /home/yxhan/yxh/kernel-based-navigation-master/RVO2-main/CMakeFiles/CMakeTmp/src.cxx
Linking CXX executable cmTC_d8b95
/usr/bin/cmake -E cmake_link_script CMakeFiles/cmTC_d8b95.dir/link.txt --verbose=1
/usr/bin/c++   -DRVO_COMPILER_SUPPORTS_WNO_UNUSED    CMakeFiles/cmTC_d8b95.dir/src.cxx.o  -o cmTC_d8b95 
make[1]: Leaving directory '/home/yxhan/yxh/kernel-based-navigation-master/RVO2-main/CMakeFiles/CMakeTmp'

Source file was:
int main() { return 0; }
Performing C++ SOURCE FILE Test HRVO_LINKER_SUPPORTS__FATAL_WARNINGS succeeded with the following output:
Change Dir: /home/yxhan/yxh/kernel-based-navigation-master/RVO2-main/CMakeFiles/CMakeTmp

Run Build Command:"/usr/bin/make" "cmTC_0f3b8/fast"
/usr/bin/make -f CMakeFiles/cmTC_0f3b8.dir/build.make CMakeFiles/cmTC_0f3b8.dir/build
make[1]: Entering directory '/home/yxhan/yxh/kernel-based-navigation-master/RVO2-main/CMakeFiles/CMakeTmp'
Building CXX object CMakeFiles/cmTC_0f3b8.dir/src.cxx.o
/usr/bin/c++    -Wall -Wformat-security -Werror=format-security -Wno-unused -DHRVO_LINKER_SUPPORTS__FATAL_WARNINGS -fPIE   -std=c++11 -o CMakeFiles/cmTC_0f3b8.dir/src.cxx.o -c /home/yxhan/yxh/kernel-based-navigation-master/RVO2-main/CMakeFiles/CMakeTmp/src.cxx
Linking CXX executable cmTC_0f3b8
/usr/bin/cmake -E cmake_link_script CMakeFiles/cmTC_0f3b8.dir/link.txt --verbose=1
/usr/bin/c++   -Wall -Wformat-security -Werror=format-security -Wno-unused -DHRVO_LINKER_SUPPORTS__FATAL_WARNINGS    CMakeFiles/cmTC_0f3b8.dir/src.cxx.o  -o cmTC_0f3b8 -Wl,--fatal-warnings 
make[1]: Leaving directory '/home/yxhan/yxh/kernel-based-navigation-master/RVO2-main/CMakeFiles/CMakeTmp'

Source file was:
int main() { return 0; }
Performing C++ SOURCE FILE Test RVO_LINKER_SUPPORTS__AS_NEEDED succeeded with the following output:
Change Dir: /home/yxhan/yxh/kernel-based-navigation-master/RVO2-main/CMakeFiles/CMakeTmp

Run Build Command:"/usr/bin/make" "cmTC_6a381/fast"
/usr/bin/make -f CMakeFiles/cmTC_6a381.dir/build.make CMakeFiles/cmTC_6a381.dir/build
make[1]: Entering directory '/home/yxhan/yxh/kernel-based-navigation-master/RVO2-main/CMakeFiles/CMakeTmp'
Building CXX object CMakeFiles/cmTC_6a381.dir/src.cxx.o
/usr/bin/c++    -Wall -Wformat-security -Werror=format-security -Wno-unused -DRVO_LINKER_SUPPORTS__AS_NEEDED -fPIE   -std=c++11 -o CMakeFiles/cmTC_6a381.dir/src.cxx.o -c /home/yxhan/yxh/kernel-based-navigation-master/RVO2-main/CMakeFiles/CMakeTmp/src.cxx
Linking CXX executable cmTC_6a381
/usr/bin/cmake -E cmake_link_script CMakeFiles/cmTC_6a381.dir/link.txt --verbose=1
/usr/bin/c++   -Wall -Wformat-security -Werror=format-security -Wno-unused -DRVO_LINKER_SUPPORTS__AS_NEEDED    CMakeFiles/cmTC_6a381.dir/src.cxx.o  -o cmTC_6a381 -Wl,--fatal-warnings -Wl,--as-needed 
make[1]: Leaving directory '/home/yxhan/yxh/kernel-based-navigation-master/RVO2-main/CMakeFiles/CMakeTmp'

Source file was:
int main() { return 0; }
Performing C++ SOURCE FILE Test COMPILER_HAS_HIDDEN_VISIBILITY succeeded with the following output:
Change Dir: /home/yxhan/yxh/kernel-based-navigation-master/RVO2-main/CMakeFiles/CMakeTmp

Run Build Command:"/usr/bin/make" "cmTC_3fce5/fast"
/usr/bin/make -f CMakeFiles/cmTC_3fce5.dir/build.make CMakeFiles/cmTC_3fce5.dir/build
make[1]: Entering directory '/home/yxhan/yxh/kernel-based-navigation-master/RVO2-main/CMakeFiles/CMakeTmp'
Building CXX object CMakeFiles/cmTC_3fce5.dir/src.cxx.o
/usr/bin/c++    -Wall -Wformat-security -Werror=format-security -Wno-unused -DCOMPILER_HAS_HIDDEN_VISIBILITY -fPIE   -fvisibility=hidden -std=c++11 -o CMakeFiles/cmTC_3fce5.dir/src.cxx.o -c /home/yxhan/yxh/kernel-based-navigation-master/RVO2-main/CMakeFiles/CMakeTmp/src.cxx
Linking CXX executable cmTC_3fce5
/usr/bin/cmake -E cmake_link_script CMakeFiles/cmTC_3fce5.dir/link.txt --verbose=1
/usr/bin/c++   -Wall -Wformat-security -Werror=format-security -Wno-unused -DCOMPILER_HAS_HIDDEN_VISIBILITY   -Wl,--as-needed  CMakeFiles/cmTC_3fce5.dir/src.cxx.o  -o cmTC_3fce5 
make[1]: Leaving directory '/home/yxhan/yxh/kernel-based-navigation-master/RVO2-main/CMakeFiles/CMakeTmp'

Source file was:
int main() { return 0; }
Performing C++ SOURCE FILE Test COMPILER_HAS_HIDDEN_INLINE_VISIBILITY succeeded with the following output:
Change Dir: /home/yxhan/yxh/kernel-based-navigation-master/RVO2-main/CMakeFiles/CMakeTmp

Run Build Command:"/usr/bin/make" "cmTC_cdaf3/fast"
/usr/bin/make -f CMakeFiles/cmTC_cdaf3.dir/build.make CMakeFiles/cmTC_cdaf3.dir/build
make[1]: Entering directory '/home/yxhan/yxh/kernel-based-navigation-master/RVO2-main/CMakeFiles/CMakeTmp'
Building CXX object CMakeFiles/cmTC_cdaf3.dir/src.cxx.o
/usr/bin/c++    -Wall -Wformat-security -Werror=format-security -Wno-unused -DCOMPILER_HAS_HIDDEN_INLINE_VISIBILITY -fPIE   -fvisibility-inlines-hidden -std=c++11 -o CMakeFiles/cmTC_cdaf3.dir/src.cxx.o -c /home/yxhan/yxh/kernel-based-navigation-master/RVO2-main/CMakeFiles/CMakeTmp/src.cxx
Linking CXX executable cmTC_cdaf3
/usr/bin/cmake -E cmake_link_script CMakeFiles/cmTC_cdaf3.dir/link.txt --verbose=1
/usr/bin/c++   -Wall -Wformat-security -Werror=format-security -Wno-unused -DCOMPILER_HAS_HIDDEN_INLINE_VISIBILITY   -Wl,--as-needed  CMakeFiles/cmTC_cdaf3.dir/src.cxx.o  -o cmTC_cdaf3 
make[1]: Leaving directory '/home/yxhan/yxh/kernel-based-navigation-master/RVO2-main/CMakeFiles/CMakeTmp'

Source file was:
int main() { return 0; }
Performing C++ SOURCE FILE Test COMPILER_HAS_DEPRECATED_ATTR succeeded with the following output:
Change Dir: /home/yxhan/yxh/kernel-based-navigation-master/RVO2-main/CMakeFiles/CMakeTmp

Run Build Command:"/usr/bin/make" "cmTC_60f61/fast"
/usr/bin/make -f CMakeFiles/cmTC_60f61.dir/build.make CMakeFiles/cmTC_60f61.dir/build
make[1]: Entering directory '/home/yxhan/yxh/kernel-based-navigation-master/RVO2-main/CMakeFiles/CMakeTmp'
Building CXX object CMakeFiles/cmTC_60f61.dir/src.cxx.o
/usr/bin/c++    -Wall -Wformat-security -Werror=format-security -Wno-unused -DCOMPILER_HAS_DEPRECATED_ATTR -fPIE   -std=c++11 -o CMakeFiles/cmTC_60f61.dir/src.cxx.o -c /home/yxhan/yxh/kernel-based-navigation-master/RVO2-main/CMakeFiles/CMakeTmp/src.cxx
/home/yxhan/yxh/kernel-based-navigation-master/RVO2-main/CMakeFiles/CMakeTmp/src.cxx: In function ‘int main()’:
/home/yxhan/yxh/kernel-based-navigation-master/RVO2-main/CMakeFiles/CMakeTmp/src.cxx:2:34: warning: ‘int somefunc()’ is deprecated [-Wdeprecated-declarations]
     int main() { return somefunc();}
                                  ^
/home/yxhan/yxh/kernel-based-navigation-master/RVO2-main/CMakeFiles/CMakeTmp/src.cxx:1:37: note: declared here
 __attribute__((__deprecated__)) int somefunc() { return 0; }
                                     ^~~~~~~~
Linking CXX executable cmTC_60f61
/usr/bin/cmake -E cmake_link_script CMakeFiles/cmTC_60f61.dir/link.txt --verbose=1
/usr/bin/c++   -Wall -Wformat-security -Werror=format-security -Wno-unused -DCOMPILER_HAS_DEPRECATED_ATTR   -Wl,--as-needed  CMakeFiles/cmTC_60f61.dir/src.cxx.o  -o cmTC_60f61 
make[1]: Leaving directory '/home/yxhan/yxh/kernel-based-navigation-master/RVO2-main/CMakeFiles/CMakeTmp'

Source file was:
__attribute__((__deprecated__)) int somefunc() { return 0; }
    int main() { return somefunc();}
